#
# A fatal error has been detected by the Java Runtime Environment:
#
#  EXCEPTION_ACCESS_VIOLATION (0xc0000005) at pc=0x0000000000000000, pid=9676, tid=1168
#
# JRE version: Java(TM) SE Runtime Environment (7.0_45-b18) (build 1.7.0_45-b18)
# Java VM: Java HotSpot(TM) 64-Bit Server VM (24.45-b08 mixed mode windows-amd64 compressed oops)
# Problematic frame:
# C  0x0000000000000000
#
# Failed to write core dump. Minidumps are not enabled by default on client versions of Windows
#
# If you would like to submit a bug report, please visit:
#   http://bugreport.sun.com/bugreport/crash.jsp
# The crash happened outside the Java Virtual Machine in native code.
# See problematic frame for where to report the bug.
#

---------------  T H R E A D  ---------------

Current thread (0x000000000cc66000):  JavaThread "LWJGL Application" [_thread_in_native, id=1168, stack(0x000000000e530000,0x000000000e630000)]

siginfo: ExceptionCode=0xc0000005, ExceptionInformation=0x0000000000000008 0x0000000000000000

Registers:
RAX=0x000000000e027c10, RBX=0x000000000e028890, RCX=0x000000000e028890, RDX=0x000000000dffb7a0
RSP=0x000000000e62e998, RBP=0x000000000e018e30, RSI=0x000000000dffb7a0, RDI=0x000000000dffb7a0
R8 =0x000000000dffb7a0, R9 =0x000000000e028890, R10=0x0000000002d0937d, R11=0x000000006834f900
R12=0x0000000000000000, R13=0x000000077b4242d8, R14=0x000000000e62eb80, R15=0x000000000cc66000
RIP=0x0000000000000000, EFLAGS=0x0000000000010206

Top of Stack: (sp=0x000000000e62e998)
0x000000000e62e998:   00000000117e43f2 000000000b0f5348
0x000000000e62e9a8:   0000000068245e01 000000000cc66000
0x000000000e62e9b8:   000000000000000f 000000000b0f5350
0x000000000e62e9c8:   000000000e028890 000000000e018cb0
0x000000000e62e9d8:   00000000117f2743 00003286dde33eee
0x000000000e62e9e8:   00000000681ef7bf 000000077b424218
0x000000000e62e9f8:   000000006827c63f 000000000dffb7a0
0x000000000e62ea08:   000000000e028890 00000000fffffff8
0x000000000e62ea18:   000000000e62eb40 0000000000000000
0x000000000e62ea28:   00000000117f903d 0000000000000029
0x000000000e62ea38:   000000000000000e 000000000e620000
0x000000000e62ea48:   0000000002d19ba3 000000001182c830
0x000000000e62ea58:   000000000cc661e8 000000000e62eb80
0x000000000e62ea68:   000000000e62ebd8 000000001182c8b0
0x000000000e62ea78:   000000000cc661e8 000000000e62eb80
0x000000000e62ea88:   000000000e62ea88 000000077b232670 

Instructions: (pc=0x0000000000000000)
0xffffffffffffffe0:   


Register to memory mapping:

RAX=0x000000000e027c10 is an unknown value
RBX=0x000000000e028890 is an unknown value
RCX=0x000000000e028890 is an unknown value
RDX=0x000000000dffb7a0 is an unknown value
RSP=0x000000000e62e998 is pointing into the stack for thread: 0x000000000cc66000
RBP=0x000000000e018e30 is an unknown value
RSI=0x000000000dffb7a0 is an unknown value
RDI=0x000000000dffb7a0 is an unknown value
R8 =0x000000000dffb7a0 is an unknown value
R9 =0x000000000e028890 is an unknown value
R10=0x0000000002d0937d is at code_begin+1277 in an Interpreter codelet
method entry point (kind = native)  [0x0000000002d08e80, 0x0000000002d09d40]  3776 bytes
R11=0x000000006834f900 is an unknown value
R12=0x0000000000000000 is an unknown value
R13=0x000000077b4242d8 is an oop
{method} 
 - klass: {other class}
R14=0x000000000e62eb80 is pointing into the stack for thread: 0x000000000cc66000
R15=0x000000000cc66000 is a thread


Stack: [0x000000000e530000,0x000000000e630000],  sp=0x000000000e62e998,  free space=1018k
Java frames: (J=compiled Java code, j=interpreted, Vv=VM code)
j  com.badlogic.gdx.physics.box2d.World.jniDestroyJoint(JJ)V+0
j  com.badlogic.gdx.physics.box2d.World.destroyJoint(Lcom/badlogic/gdx/physics/box2d/Joint;)V+64
j  ecs.components.JointComponent.dispose()V+14
j  ecs.Entity.removeAllComponents()V+41
j  verberg.com.shmup.Game.removeEntityTree(Lecs/Entity;)V+54
j  verberg.com.shmup.Game.removeEntityTree(Lecs/Entity;)V+47
j  Factories.CarFactory.applyLifeTimeWarranty(Lecs/Entity;Lcom/badlogic/gdx/math/Rectangle;)V+29
j  ecs.subsystems.SpawnSystem.update(Lecs/Entity;)V+86
j  verberg.com.shmup.SpawnMessage.submitMessage()V+14
J  verberg.com.shmup.MessageManager.update()V
j  verberg.com.shmup.Game.update()V+28
j  verberg.com.shmup.Game.render()V+1
j  com.badlogic.gdx.backends.lwjgl.LwjglApplication.mainLoop()V+684
j  com.badlogic.gdx.backends.lwjgl.LwjglApplication$1.run()V+27
v  ~StubRoutines::call_stub

---------------  P R O C E S S  ---------------

Java Threads: ( => current thread )
  0x000000000cbbb800 JavaThread "LWJGL Timer" daemon [_thread_blocked, id=9200, stack(0x0000000012860000,0x0000000012960000)]
  0x0000000002bf4800 JavaThread "DestroyJavaVM" [_thread_blocked, id=7616, stack(0x0000000002910000,0x0000000002a10000)]
=>0x000000000cc66000 JavaThread "LWJGL Application" [_thread_in_native, id=1168, stack(0x000000000e530000,0x000000000e630000)]
  0x000000000c9dc000 JavaThread "Service Thread" daemon [_thread_blocked, id=8648, stack(0x000000000cf50000,0x000000000d050000)]
  0x000000000c9d0000 JavaThread "C2 CompilerThread1" daemon [_thread_blocked, id=6584, stack(0x000000000ce50000,0x000000000cf50000)]
  0x000000000c9b0000 JavaThread "C2 CompilerThread0" daemon [_thread_blocked, id=9360, stack(0x000000000cd50000,0x000000000ce50000)]
  0x000000000b0f1800 JavaThread "JDWP Command Reader" daemon [_thread_in_native, id=2128, stack(0x000000000c850000,0x000000000c950000)]
  0x000000000b0ee800 JavaThread "JDWP Event Helper Thread" daemon [_thread_blocked, id=8148, stack(0x000000000c750000,0x000000000c850000)]
  0x000000000b0df800 JavaThread "JDWP Transport Listener: dt_socket" daemon [_thread_blocked, id=9164, stack(0x000000000c650000,0x000000000c750000)]
  0x000000000b0d6800 JavaThread "Attach Listener" daemon [_thread_blocked, id=9888, stack(0x000000000c550000,0x000000000c650000)]
  0x000000000b0d3800 JavaThread "Signal Dispatcher" daemon [_thread_blocked, id=1360, stack(0x000000000c450000,0x000000000c550000)]
  0x000000000b0a2000 JavaThread "Finalizer" daemon [_thread_blocked, id=9108, stack(0x000000000c350000,0x000000000c450000)]
  0x000000000b097000 JavaThread "Reference Handler" daemon [_thread_blocked, id=9636, stack(0x000000000c250000,0x000000000c350000)]

Other Threads:
  0x000000000b094800 VMThread [stack: 0x000000000c150000,0x000000000c250000] [id=9528]
  0x000000000b14b000 WatcherThread [stack: 0x000000000d050000,0x000000000d150000] [id=2260]

VM state:not at safepoint (normal execution)

VM Mutex/Monitor currently owned by a thread: None

Heap
 PSYoungGen      total 38912K, used 24165K [0x00000007d5500000, 0x00000007d8000000, 0x0000000800000000)
  eden space 33792K, 61% used [0x00000007d5500000,0x00000007d692f0e8,0x00000007d7600000)
  from space 5120K, 68% used [0x00000007d7600000,0x00000007d796a3d8,0x00000007d7b00000)
  to   space 5120K, 0% used [0x00000007d7b00000,0x00000007d7b00000,0x00000007d8000000)
 ParOldGen       total 87040K, used 16K [0x0000000780000000, 0x0000000785500000, 0x00000007d5500000)
  object space 87040K, 0% used [0x0000000780000000,0x0000000780004000,0x0000000785500000)
 PSPermGen       total 21504K, used 7269K [0x000000077ae00000, 0x000000077c300000, 0x0000000780000000)
  object space 21504K, 33% used [0x000000077ae00000,0x000000077b5197c0,0x000000077c300000)

Card table byte_map: [0x0000000005db0000,0x00000000061e0000] byte_map_base: 0x00000000021d9000

Polling page: 0x00000000027f0000

Code Cache  [0x0000000002cf0000, 0x0000000002f60000, 0x0000000005cf0000)
 total_blobs=769 nmethods=350 adapters=380 free_code_cache=47683Kb largest_free_block=48762432

Compilation events (10 events):
Event: 106.439 Thread 0x000000000c9b0000  348             java.nio.HeapByteBuffer::_put (8 bytes)
Event: 106.439 Thread 0x000000000c9d0000  349             java.nio.HeapByteBuffer::_get (7 bytes)
Event: 106.439 Thread 0x000000000c9d0000 nmethod 349 0x0000000002e477d0 code [0x0000000002e47900, 0x0000000002e479d8]
Event: 106.439 Thread 0x000000000c9b0000 nmethod 348 0x0000000002e47510 code [0x0000000002e47640, 0x0000000002e47718]
Event: 131.974 Thread 0x000000000c9b0000  350             java.lang.ref.Reference::get (5 bytes)
Event: 131.974 Thread 0x000000000c9b0000 nmethod 350 0x0000000002e47310 code [0x0000000002e47440, 0x0000000002e474b8]
Event: 148.056 Thread 0x000000000c9d0000  351             java.lang.ThreadLocal::getMap (5 bytes)
Event: 148.056 Thread 0x000000000c9d0000 nmethod 351 0x0000000002e54d10 code [0x0000000002e54e40, 0x0000000002e54ed8]
Event: 148.088 Thread 0x000000000c9b0000  352             java.lang.ThreadLocal::access$400 (5 bytes)
Event: 148.088 Thread 0x000000000c9b0000 nmethod 352 0x0000000002e470d0 code [0x0000000002e47200, 0x0000000002e47278]

GC Heap History (2 events):
Event: 64.757 GC heap before
{Heap before GC invocations=1 (full 0):
 PSYoungGen      total 38912K, used 33792K [0x00000007d5500000, 0x00000007d8000000, 0x0000000800000000)
  eden space 33792K, 100% used [0x00000007d5500000,0x00000007d7600000,0x00000007d7600000)
  from space 5120K, 0% used [0x00000007d7b00000,0x00000007d7b00000,0x00000007d8000000)
  to   space 5120K, 0% used [0x00000007d7600000,0x00000007d7600000,0x00000007d7b00000)
 ParOldGen       total 87040K, used 0K [0x0000000780000000, 0x0000000785500000, 0x00000007d5500000)
  object space 87040K, 0% used [0x0000000780000000,0x0000000780000000,0x0000000785500000)
 PSPermGen       total 21504K, used 7263K [0x000000077ae00000, 0x000000077c300000, 0x0000000780000000)
  object space 21504K, 33% used [0x000000077ae00000,0x000000077b517e88,0x000000077c300000)
Event: 64.764 GC heap after
Heap after GC invocations=1 (full 0):
 PSYoungGen      total 38912K, used 3496K [0x00000007d5500000, 0x00000007d8000000, 0x0000000800000000)
  eden space 33792K, 0% used [0x00000007d5500000,0x00000007d5500000,0x00000007d7600000)
  from space 5120K, 68% used [0x00000007d7600000,0x00000007d796a3d8,0x00000007d7b00000)
  to   space 5120K, 0% used [0x00000007d7b00000,0x00000007d7b00000,0x00000007d8000000)
 ParOldGen       total 87040K, used 16K [0x0000000780000000, 0x0000000785500000, 0x00000007d5500000)
  object space 87040K, 0% used [0x0000000780000000,0x0000000780004000,0x0000000785500000)
 PSPermGen       total 21504K, used 7263K [0x000000077ae00000, 0x000000077c300000, 0x0000000780000000)
  object space 21504K, 33% used [0x000000077ae00000,0x000000077b517e88,0x000000077c300000)
}

Deoptimization events (9 events):
Event: 5.706 Thread 0x000000000cc66000 Uncommon trap: reason=class_check action=maybe_recompile pc=0x0000000002dc8c5c method=ecs.Entity.recursiveGet(Ljava/lang/Class;)Lecs/Component; @ 19
Event: 5.706 Thread 0x000000000cc66000 Uncommon trap: reason=class_check action=maybe_recompile pc=0x0000000002dc8c5c method=ecs.Entity.recursiveGet(Ljava/lang/Class;)Lecs/Component; @ 19
Event: 5.706 Thread 0x000000000cc66000 Uncommon trap: reason=class_check action=maybe_recompile pc=0x0000000002dc8c5c method=ecs.Entity.recursiveGet(Ljava/lang/Class;)Lecs/Component; @ 19
Event: 5.706 Thread 0x000000000cc66000 Uncommon trap: reason=class_check action=maybe_recompile pc=0x0000000002dc8c5c method=ecs.Entity.recursiveGet(Ljava/lang/Class;)Lecs/Component; @ 19
Event: 5.706 Thread 0x000000000cc66000 Uncommon trap: reason=unreached action=reinterpret pc=0x0000000002dda830 method=ecs.subsystems.SteeringSystem.update(Lecs/Entity;Lverberg/com/shmup/INTENT;)V @ 26
Event: 19.673 Thread 0x000000000cc66000 Uncommon trap: reason=unloaded action=reinterpret pc=0x0000000002deed68 method=AI.AI.generateIntents(Lecs/Entity;)V @ 104
Event: 19.675 Thread 0x000000000cc66000 Uncommon trap: reason=unreached action=reinterpret pc=0x0000000002db917c method=verberg.com.shmup.MessageManager.update()V @ 36
Event: 22.474 Thread 0x000000000cc66000 Uncommon trap: reason=unreached action=reinterpret pc=0x0000000002df47d0 method=ecs.subsystems.SteeringSystem.update(Lecs/Entity;Lverberg/com/shmup/INTENT;)V @ 7
Event: 44.107 Thread 0x000000000cc66000 Uncommon trap: reason=unreached action=reinterpret pc=0x0000000002e31e00 method=ecs.subsystems.WeaponSystem.update(Lecs/Entity;)V @ 32

Internal exceptions (10 events):
Event: 1.110 Thread 0x000000000cc66000 Threw 0x00000007d6613e08 at C:\re\jdk7u45\229\hotspot\src\share\vm\prims\jvm.cpp:1244
Event: 1.110 Thread 0x000000000cc66000 Threw 0x00000007d661a4c8 at C:\re\jdk7u45\229\hotspot\src\share\vm\prims\jvm.cpp:1244
Event: 1.114 Thread 0x000000000cc66000 Threw 0x00000007d6622f68 at C:\re\jdk7u45\229\hotspot\src\share\vm\prims\jvm.cpp:1244
Event: 1.115 Thread 0x000000000cc66000 Threw 0x00000007d66291d8 at C:\re\jdk7u45\229\hotspot\src\share\vm\prims\jvm.cpp:1244
Event: 1.115 Thread 0x000000000cc66000 Threw 0x00000007d662f398 at C:\re\jdk7u45\229\hotspot\src\share\vm\prims\jvm.cpp:1244
Event: 1.240 Thread 0x000000000cc66000 Threw 0x00000007d663a458 at C:\re\jdk7u45\229\hotspot\src\share\vm\prims\jvm.cpp:1244
Event: 1.241 Thread 0x000000000cc66000 Threw 0x00000007d6648998 at C:\re\jdk7u45\229\hotspot\src\share\vm\prims\jvm.cpp:1244
Event: 1.623 Thread 0x000000000cc66000 Threw 0x00000007d6669100 at C:\re\jdk7u45\229\hotspot\src\share\vm\prims\jvm.cpp:1244
Event: 1.640 Thread 0x000000000cc66000 Threw 0x00000007d666e2a0 at C:\re\jdk7u45\229\hotspot\src\share\vm\prims\jvm.cpp:1244
Event: 1.640 Thread 0x000000000cc66000 Threw 0x00000007d66714b8 at C:\re\jdk7u45\229\hotspot\src\share\vm\prims\jvm.cpp:1244

Events (10 events):
Event: 64.769 Executing VM operation: RevokeBias
Event: 64.769 Executing VM operation: RevokeBias done
Event: 64.769 Executing VM operation: RevokeBias
Event: 64.769 Executing VM operation: RevokeBias done
Event: 64.769 Executing VM operation: RevokeBias
Event: 64.769 Executing VM operation: RevokeBias done
Event: 64.769 Executing VM operation: RevokeBias
Event: 64.769 Executing VM operation: RevokeBias done
Event: 148.057 Thread 0x000000000c9d0000 flushing nmethod 0x0000000002db8c50
Event: 148.088 Thread 0x000000000c9b0000 flushing nmethod 0x0000000002dc7450


Dynamic libraries:
0x00007ff74eeb0000 - 0x00007ff74eee3000 	C:\Program Files\Java\jdk1.7.0_45\bin\java.exe
0x00007ff866370000 - 0x00007ff866531000 	C:\WINDOWS\SYSTEM32\ntdll.dll
0x00007ff864b80000 - 0x00007ff864c2d000 	C:\WINDOWS\system32\KERNEL32.DLL
0x00007ff862f30000 - 0x00007ff86310d000 	C:\WINDOWS\system32\KERNELBASE.dll
0x00007ff864670000 - 0x00007ff864716000 	C:\WINDOWS\system32\ADVAPI32.dll
0x00007ff864a80000 - 0x00007ff864b1d000 	C:\WINDOWS\system32\msvcrt.dll
0x00007ff864330000 - 0x00007ff86438b000 	C:\WINDOWS\system32\sechost.dll
0x00007ff864c90000 - 0x00007ff864db6000 	C:\WINDOWS\system32\RPCRT4.dll
0x00007ff864790000 - 0x00007ff8648de000 	C:\WINDOWS\system32\USER32.dll
0x00007ff864390000 - 0x00007ff864516000 	C:\WINDOWS\system32\GDI32.dll
0x00007ff85e000000 - 0x00007ff85e274000 	C:\WINDOWS\WinSxS\amd64_microsoft.windows.common-controls_6595b64144ccf1df_6.0.10240.16384_none_f41f7b285750ef43\COMCTL32.dll
0x00007ff864c30000 - 0x00007ff864c66000 	C:\WINDOWS\system32\IMM32.DLL
0x00007ff863d00000 - 0x00007ff863e5c000 	C:\WINDOWS\system32\MSCTF.dll
0x0000000067c30000 - 0x0000000067d02000 	C:\Program Files\Java\jdk1.7.0_45\jre\bin\msvcr100.dll
0x0000000068170000 - 0x0000000068939000 	C:\Program Files\Java\jdk1.7.0_45\jre\bin\server\jvm.dll
0x00007ff866360000 - 0x00007ff866368000 	C:\WINDOWS\system32\PSAPI.DLL
0x00007ff856160000 - 0x00007ff856169000 	C:\WINDOWS\SYSTEM32\WSOCK32.dll
0x00007ff8612c0000 - 0x00007ff8612e3000 	C:\WINDOWS\SYSTEM32\WINMM.dll
0x00007ff864dc0000 - 0x00007ff864e29000 	C:\WINDOWS\system32\WS2_32.dll
0x00007ff863e60000 - 0x00007ff863e68000 	C:\WINDOWS\system32\NSI.dll
0x00000000027c0000 - 0x00000000027ec000 	C:\WINDOWS\SYSTEM32\WINMMBASE.dll
0x00007ff862ee0000 - 0x00007ff862f24000 	C:\WINDOWS\system32\cfgmgr32.dll
0x00007ff8616f0000 - 0x00007ff861717000 	C:\WINDOWS\SYSTEM32\DEVOBJ.dll
0x0000000068160000 - 0x000000006816f000 	C:\Program Files\Java\jdk1.7.0_45\jre\bin\verify.dll
0x0000000068130000 - 0x0000000068158000 	C:\Program Files\Java\jdk1.7.0_45\jre\bin\java.dll
0x0000000067da0000 - 0x0000000067dd5000 	C:\Program Files\Java\jdk1.7.0_45\jre\bin\jdwp.dll
0x0000000067d90000 - 0x0000000067d98000 	C:\Program Files\Java\jdk1.7.0_45\jre\bin\npt.dll
0x0000000067d60000 - 0x0000000067d83000 	C:\Program Files\Java\jdk1.7.0_45\jre\bin\instrument.dll
0x0000000068110000 - 0x0000000068125000 	C:\Program Files\Java\jdk1.7.0_45\jre\bin\zip.dll
0x0000000067d50000 - 0x0000000067d59000 	C:\Program Files\Java\jdk1.7.0_45\jre\bin\dt_socket.dll
0x00007ff8625f0000 - 0x00007ff86264d000 	C:\WINDOWS\system32\mswsock.dll
0x0000000065580000 - 0x0000000065616000 	C:\Users\Orion\AppData\Local\Temp\libgdxOrion\12247155\gdx64.dll
0x00007ff862650000 - 0x00007ff862667000 	C:\WINDOWS\SYSTEM32\CRYPTSP.dll
0x00007ff8628c0000 - 0x00007ff8628e8000 	C:\WINDOWS\SYSTEM32\bcrypt.dll
0x00007ff8622a0000 - 0x00007ff8622d3000 	C:\WINDOWS\system32\rsaenh.dll
0x00007ff862440000 - 0x00007ff86245f000 	C:\WINDOWS\SYSTEM32\USERENV.dll
0x00007ff862de0000 - 0x00007ff862df3000 	C:\WINDOWS\system32\profapi.dll
0x00007ff862bd0000 - 0x00007ff862c3b000 	C:\WINDOWS\system32\bcryptprimitives.dll
0x00007ff8627c0000 - 0x00007ff8627cb000 	C:\WINDOWS\SYSTEM32\CRYPTBASE.dll
0x00000000680f0000 - 0x0000000068109000 	C:\Program Files\Java\jdk1.7.0_45\jre\bin\net.dll
0x00007ff8605e0000 - 0x00007ff8605f8000 	C:\WINDOWS\system32\NLAapi.dll
0x00007ff84bf60000 - 0x00007ff84bf75000 	C:\WINDOWS\system32\napinsp.dll
0x00007ff84bf80000 - 0x00007ff84bf9a000 	C:\WINDOWS\system32\pnrpnsp.dll
0x00007ff862390000 - 0x00007ff862438000 	C:\WINDOWS\SYSTEM32\DNSAPI.dll
0x00007ff84bfa0000 - 0x00007ff84bfad000 	C:\WINDOWS\System32\winrnr.dll
0x00007ff857190000 - 0x00007ff85719a000 	C:\Windows\System32\rasadhlp.dll
0x00007ff85ef90000 - 0x00007ff85efc8000 	C:\WINDOWS\SYSTEM32\IPHLPAPI.DLL
0x00007ff85ee40000 - 0x00007ff85ee4b000 	C:\WINDOWS\SYSTEM32\WINNSI.DLL
0x00007ff85c930000 - 0x00007ff85c998000 	C:\WINDOWS\System32\fwpuclnt.dll
0x00000000680d0000 - 0x00000000680e1000 	C:\Program Files\Java\jdk1.7.0_45\jre\bin\nio.dll
0x0000000180000000 - 0x0000000180053000 	C:\Users\Orion\AppData\Local\Temp\libgdxOrion\dc0f0009\lwjgl64.dll
0x00007ff85f390000 - 0x00007ff85f39a000 	C:\WINDOWS\SYSTEM32\VERSION.dll
0x00007ff84a030000 - 0x00007ff84a158000 	C:\WINDOWS\SYSTEM32\OPENGL32.dll
0x00007ff843370000 - 0x00007ff843466000 	C:\WINDOWS\SYSTEM32\DDRAW.dll
0x00007ff84ddf0000 - 0x00007ff84de1e000 	C:\WINDOWS\SYSTEM32\GLU32.dll
0x00007ff855270000 - 0x00007ff855278000 	C:\WINDOWS\SYSTEM32\DCIMAN32.dll
0x000000000dc90000 - 0x000000000dcf4000 	C:\Users\Orion\AppData\Local\Temp\libgdxOrion\dc0f0009\OpenAL64.dll
0x00007ff864e30000 - 0x00007ff866352000 	C:\WINDOWS\system32\SHELL32.dll
0x00007ff8633f0000 - 0x00007ff863a18000 	C:\WINDOWS\system32\windows.storage.dll
0x00007ff863a20000 - 0x00007ff863c9c000 	C:\WINDOWS\system32\combase.dll
0x00007ff864b20000 - 0x00007ff864b71000 	C:\WINDOWS\system32\shlwapi.dll
0x00007ff862dd0000 - 0x00007ff862ddf000 	C:\WINDOWS\system32\kernel.appcore.dll
0x00007ff862e20000 - 0x00007ff862ed3000 	C:\WINDOWS\system32\shcore.dll
0x00007ff862d80000 - 0x00007ff862dca000 	C:\WINDOWS\system32\powrprof.dll
0x00007ff864520000 - 0x00007ff864661000 	C:\WINDOWS\system32\ole32.dll
0x00007ff861650000 - 0x00007ff8616e6000 	C:\WINDOWS\system32\uxtheme.dll
0x00007ff864280000 - 0x00007ff864325000 	C:\WINDOWS\system32\clbcatq.dll
0x00007ff860b50000 - 0x00007ff860cd3000 	C:\WINDOWS\System32\PROPSYS.dll
0x00007ff8648e0000 - 0x00007ff86499e000 	C:\WINDOWS\system32\OLEAUT32.dll
0x00007ff84cc60000 - 0x00007ff84ccfc000 	C:\WINDOWS\SYSTEM32\dsound.dll
0x00007ff85cf30000 - 0x00007ff85cfa2000 	C:\WINDOWS\System32\MMDevApi.dll
0x00007ff85c8a0000 - 0x00007ff85c925000 	C:\WINDOWS\SYSTEM32\AUDIOSES.DLL
0x00007ff85d700000 - 0x00007ff85d831000 	C:\WINDOWS\SYSTEM32\wintypes.dll
0x00007ff860970000 - 0x00007ff860992000 	C:\WINDOWS\system32\dwmapi.dll
0x00000000666b0000 - 0x0000000067c2e000 	C:\WINDOWS\SYSTEM32\nvoglv64.DLL
0x00007ff863f00000 - 0x00007ff8640c5000 	C:\WINDOWS\system32\SETUPAPI.dll
0x00007ff860ce0000 - 0x00007ff860cf3000 	C:\WINDOWS\SYSTEM32\WTSAPI32.dll
0x00007ff862120000 - 0x00007ff862152000 	C:\WINDOWS\SYSTEM32\ntmarta.dll
0x00007ff861e40000 - 0x00007ff861e98000 	C:\WINDOWS\SYSTEM32\WINSTA.dll
0x00007ff85df20000 - 0x00007ff85dfb1000 	C:\WINDOWS\SYSTEM32\mscms.dll
0x00007ff84da20000 - 0x00007ff84da62000 	C:\WINDOWS\SYSTEM32\icm32.dll
0x00000000117d0000 - 0x000000001188b000 	C:\Users\Orion\AppData\Local\Temp\libgdxOrion\5da62973\gdx-box2d64.dll
0x00007ff84bab0000 - 0x00007ff84bc3a000 	C:\WINDOWS\SYSTEM32\dbghelp.dll

VM Arguments:
jvm_args: -agentlib:jdwp=transport=dt_socket,address=127.0.0.1:52322,suspend=y,server=n -javaagent:C:\Users\Orion\.AndroidStudio1.4\system\groovyHotSwap\gragent.jar -Dfile.encoding=UTF-8 
java_command: verberg.com.shmup.desktop.DesktopLauncher
Launcher Type: SUN_STANDARD

Environment Variables:
PATH=C:\Program Files (x86)\Google\Chrome\Application;C:\Program Files\Common Files\Microsoft Shared\Windows Live;C:\Program Files (x86)\Common Files\Microsoft Shared\Windows Live;C:\Program Files\Java\jdk1.7.0_07\bin;C:\Program Files (x86)\AMD APP\bin\x86_64;C:\Program Files (x86)\AMD APP\bin\x86;C:\WINDOWS\system32;C:\WINDOWS;C:\WINDOWS\System32\Wbem;C:\WINDOWS\System32\WindowsPowerShell\v1.0\;C:\Program Files (x86)\ATI Technologies\ATI.ACE\Core-Static;C:\Program Files\Microsoft SQL Server\100\DTS\Binn\;C:\Program Files (x86)\Windows Live\Shared;C:\Program Files (x86)\Git\cmd;C:\Program Files\Perforce;C:\Program Files\Microsoft SQL Server\110\Tools\Binn\;C:\Program Files (x86)\nodejs\;C:\Program Files (x86)\NVIDIA Corporation\PhysX\Common;C:\Program Files (x86)\GtkSharp\2.12\bin;C:\Cocos\frameworks\cocos2d-x-3.8\tools\cocos2d-console\bin;C:\Program Files\Common Files\Microsoft Shared\Windows Live;C:\Program Files (x86)\Common Files\Microsoft Shared\Windows Live;C:\Program Files\Java\jdk1.7.0_07\bin;C:\Program Files (x86)\AMD APP\bin\x86_64;C:\Program Files (x86)\AMD APP\bin\x86;C:\Windows\system32;C:\Windows;C:\Windows\System32\Wbem;C:\Windows\System32\WindowsPowerShell\v1.0\;C:\Program Files (x86)\ATI Technologies\ATI.ACE\Core-Static;C:\Program Files\Microsoft SQL Server\100\DTS\Binn\;C:\Program Files (x86)\Windows Live\Shared;C:\Program Files (x86)\Git\cmd;C:\Program Files\Perforce;C:\Program Files\Microsoft SQL Server\110\Tools\Binn\;D:\Android\sdk\platform-tools;C:\Program Files\Java\jdk1.7.0_45\bin;C:\Users\Orion\AppData\Roaming\npm;C:\Cocos\tools\Python27
USERNAME=Orion
OS=Windows_NT
PROCESSOR_IDENTIFIER=AMD64 Family 16 Model 4 Stepping 3, AuthenticAMD



---------------  S Y S T E M  ---------------

OS: Windows 8 , 64 bit Build 9200 

CPU:total 4 (4 cores per cpu, 1 threads per core) family 16 model 4 stepping 3, cmov, cx8, fxsr, mmx, sse, sse2, sse3, popcnt, mmxext, 3dnowpref, lzcnt, sse4a, tsc, tscinvbit, tscinv

Memory: 4k page, physical 8387812k(4221348k free), swap 16776420k(10517376k free)

vm_info: Java HotSpot(TM) 64-Bit Server VM (24.45-b08) for windows-amd64 JRE (1.7.0_45-b18), built on Oct  8 2013 05:47:22 by "java_re" with unknown MS VC++:1600

time: Sun Nov 29 20:43:46 2015
elapsed time: 149 seconds

