#
# A fatal error has been detected by the Java Runtime Environment:
#
#  EXCEPTION_ACCESS_VIOLATION (0xc0000005) at pc=0x0000000000000000, pid=4912, tid=6224
#
# JRE version: Java(TM) SE Runtime Environment (7.0_45-b18) (build 1.7.0_45-b18)
# Java VM: Java HotSpot(TM) 64-Bit Server VM (24.45-b08 mixed mode windows-amd64 compressed oops)
# Problematic frame:
# C  0x0000000000000000
#
# Failed to write core dump. Minidumps are not enabled by default on client versions of Windows
#
# If you would like to submit a bug report, please visit:
#   http://bugreport.sun.com/bugreport/crash.jsp
# The crash happened outside the Java Virtual Machine in native code.
# See problematic frame for where to report the bug.
#

---------------  T H R E A D  ---------------

Current thread (0x000000000c348800):  JavaThread "LWJGL Application" [_thread_in_native, id=6224, stack(0x000000000d230000,0x000000000d330000)]

siginfo: ExceptionCode=0xc0000005, ExceptionInformation=0x0000000000000008 0x0000000000000000

Registers:
RAX=0x000000000cd52ce0, RBX=0x000000000cd512a0, RCX=0x000000000cd512a0, RDX=0x000000000ccd2e70
RSP=0x000000000d32eda8, RBP=0x000000000cd35f30, RSI=0x000000000ccd2e70, RDI=0x000000000ccd2e70
R8 =0x000000000ccd2e70, R9 =0x000000000cd512a0, R10=0x00000000023d2ac4, R11=0x000000006754f900
R12=0x0000000000000000, R13=0x000000077b447948, R14=0x000000000d32ef88, R15=0x000000000c348800
RIP=0x0000000000000000, EFLAGS=0x0000000000010202

Top of Stack: (sp=0x000000000d32eda8)
0x000000000d32eda8:   00000000114c43f2 000000000c348800
0x000000000d32edb8:   0000000000000010 000000000a7d5880
0x000000000d32edc8:   0000000000000000 000000000a7d5870
0x000000000d32edd8:   000000000cd512a0 000000000cd35e70
0x000000000d32ede8:   00000000114d2743 000000077b447888
0x000000000d32edf8:   000000006747c63f 0000000010df0f71
0x000000000d32ee08:   0000000010df0f70 000000000ccd2e70
0x000000000d32ee18:   000000000cd512a0 00000000fad68ef3
0x000000000d32ee28:   000000000d32ef48 0000000000000000
0x000000000d32ee38:   00000000114d903d 000000000d320000
0x000000000d32ee48:   00000000023ddb83 00000000023c5410
0x000000000d32ee58:   000000006744acff 000000001150c830
0x000000000d32ee68:   000000000c3489e8 000000000d32ef88
0x000000000d32ee78:   000000006740af2e 000000001150c8b0
0x000000000d32ee88:   000000000c3489e8 000000000d32ef88
0x000000000d32ee98:   000000077b239c10 000000000d32ef10 

Instructions: (pc=0x0000000000000000)
0xffffffffffffffe0:   


Register to memory mapping:

RAX=0x000000000cd52ce0 is an unknown value
RBX=0x000000000cd512a0 is an unknown value
RCX=0x000000000cd512a0 is an unknown value
RDX=0x000000000ccd2e70 is an unknown value
RSP=0x000000000d32eda8 is pointing into the stack for thread: 0x000000000c348800
RBP=0x000000000cd35f30 is an unknown value
RSI=0x000000000ccd2e70 is an unknown value
RDI=0x000000000ccd2e70 is an unknown value
R8 =0x000000000ccd2e70 is an unknown value
R9 =0x000000000cd512a0 is an unknown value
R10=0x00000000023d2ac4 is at code_begin+644 in an Interpreter codelet
method entry point (kind = native)  [0x00000000023d2840, 0x00000000023d30e0]  2208 bytes
R11=0x000000006754f900 is an unknown value
R12=0x0000000000000000 is an unknown value
R13=0x000000077b447948 is an oop
{method} 
 - klass: {other class}
R14=0x000000000d32ef88 is pointing into the stack for thread: 0x000000000c348800
R15=0x000000000c348800 is a thread


Stack: [0x000000000d230000,0x000000000d330000],  sp=0x000000000d32eda8,  free space=1019k
Java frames: (J=compiled Java code, j=interpreted, Vv=VM code)
j  com.badlogic.gdx.physics.box2d.World.jniDestroyJoint(JJ)V+0
j  com.badlogic.gdx.physics.box2d.World.destroyJoint(Lcom/badlogic/gdx/physics/box2d/Joint;)V+64
j  ecs.components.JointComponent.dispose()V+14
j  ecs.EntityManager.disposeEntity(Ljava/util/UUID;)V+108
j  ecs.EntityManager.disposeEntity(Ljava/util/UUID;)V+53
j  ecs.Entity.removeAllComponents()V+7
j  Factories.Factory.applyLifeTimeWarranty(Lecs/Entity;)Lecs/Entity;+130
j  ecs.subsystems.SpawnSystem.spawn(Lecs/Entity;)V+156
j  ecs.subsystems.SpawnSystem.processMessage(LMessageManagement/INTENT;[Ljava/lang/Object;)V+45
j  MessageManagement.MessageManager.update()V+80
j  verberg.com.shmup.PlayGameState.update(F)V+40
j  verberg.com.shmup.GameStateManager.update(F)V+24
j  verberg.com.shmup.ShmupGame.render()V+6
j  com.badlogic.gdx.backends.lwjgl.LwjglApplication.mainLoop()V+684
j  com.badlogic.gdx.backends.lwjgl.LwjglApplication$1.run()V+27
v  ~StubRoutines::call_stub

---------------  P R O C E S S  ---------------

Java Threads: ( => current thread )
  0x000000000c2c9000 JavaThread "LWJGL Timer" daemon [_thread_blocked, id=5088, stack(0x0000000011570000,0x0000000011670000)]
  0x00000000022c4000 JavaThread "DestroyJavaVM" [_thread_blocked, id=7608, stack(0x0000000002160000,0x0000000002260000)]
=>0x000000000c348800 JavaThread "LWJGL Application" [_thread_in_native, id=6224, stack(0x000000000d230000,0x000000000d330000)]
  0x000000000c295800 JavaThread "Monitor Ctrl-Break" daemon [_thread_in_native, id=4636, stack(0x000000000c5e0000,0x000000000c6e0000)]
  0x000000000a7e3000 JavaThread "Service Thread" daemon [_thread_blocked, id=4352, stack(0x000000000bf60000,0x000000000c060000)]
  0x000000000a7d2800 JavaThread "C2 CompilerThread1" daemon [_thread_blocked, id=1980, stack(0x000000000be60000,0x000000000bf60000)]
  0x000000000a7ce800 JavaThread "C2 CompilerThread0" daemon [_thread_blocked, id=7064, stack(0x000000000bd60000,0x000000000be60000)]
  0x000000000a7cd800 JavaThread "Attach Listener" daemon [_thread_blocked, id=2220, stack(0x000000000bc60000,0x000000000bd60000)]
  0x000000000a7ca800 JavaThread "Signal Dispatcher" daemon [_thread_blocked, id=7972, stack(0x000000000bb60000,0x000000000bc60000)]
  0x000000000a7a2000 JavaThread "Finalizer" daemon [_thread_blocked, id=4904, stack(0x000000000ba60000,0x000000000bb60000)]
  0x000000000a796800 JavaThread "Reference Handler" daemon [_thread_blocked, id=7572, stack(0x000000000b960000,0x000000000ba60000)]

Other Threads:
  0x000000000a793800 VMThread [stack: 0x000000000b860000,0x000000000b960000] [id=3468]
  0x000000000c0fb000 WatcherThread [stack: 0x000000000c460000,0x000000000c560000] [id=4480]

VM state:not at safepoint (normal execution)

VM Mutex/Monitor currently owned by a thread: None

Heap
 PSYoungGen      total 38912K, used 23501K [0x00000007d5500000, 0x00000007d8000000, 0x0000000800000000)
  eden space 33792K, 69% used [0x00000007d5500000,0x00000007d6bf3660,0x00000007d7600000)
  from space 5120K, 0% used [0x00000007d7b00000,0x00000007d7b00000,0x00000007d8000000)
  to   space 5120K, 0% used [0x00000007d7600000,0x00000007d7600000,0x00000007d7b00000)
 ParOldGen       total 87040K, used 0K [0x0000000780000000, 0x0000000785500000, 0x00000007d5500000)
  object space 87040K, 0% used [0x0000000780000000,0x0000000780000000,0x0000000785500000)
 PSPermGen       total 21504K, used 8310K [0x000000077ae00000, 0x000000077c300000, 0x0000000780000000)
  object space 21504K, 38% used [0x000000077ae00000,0x000000077b61d9f0,0x000000077c300000)

Card table byte_map: [0x0000000005480000,0x00000000058b0000] byte_map_base: 0x00000000018a9000

Polling page: 0x0000000002120000

Code Cache  [0x00000000023c0000, 0x0000000002630000, 0x00000000053c0000)
 total_blobs=558 nmethods=112 adapters=399 free_code_cache=48381Kb largest_free_block=49517952

Compilation events (10 events):
Event: 3.771 Thread 0x000000000a7ce800 nmethod 103 0x000000000247df10 code [0x000000000247e080, 0x000000000247eab8]
Event: 3.771 Thread 0x000000000a7ce800  109             java.util.HashMap::hash (55 bytes)
Event: 3.772 Thread 0x000000000a7ce800 nmethod 109 0x00000000024749d0 code [0x0000000002474b20, 0x0000000002474c68]
Event: 3.772 Thread 0x000000000a7ce800  110             java.util.HashMap::getEntry (86 bytes)
Event: 3.777 Thread 0x000000000a7ce800 nmethod 110 0x0000000002476850 code [0x00000000024769e0, 0x0000000002476e88]
Event: 3.780 Thread 0x000000000a7ce800  111             java.util.HashMap::get (29 bytes)
Event: 3.781 Thread 0x000000000a7ce800 nmethod 111 0x0000000002474650 code [0x00000000024747a0, 0x0000000002474848]
Event: 3.783 Thread 0x000000000a7d2800 nmethod 108 0x0000000002477690 code [0x0000000002477880, 0x0000000002478430]
Event: 3.786 Thread 0x000000000a7ce800  112             java.nio.Buffer::limit (62 bytes)
Event: 3.787 Thread 0x000000000a7ce800 nmethod 112 0x0000000002477450 code [0x0000000002477580, 0x0000000002477618]

GC Heap History (0 events):
No events

Deoptimization events (1 events):
Event: 3.748 Thread 0x000000000c348800 Uncommon trap: reason=unreached action=reinterpret pc=0x000000000246d0b4 method=java.lang.String.equalsIgnoreCase(Ljava/lang/String;)Z @ 10

Internal exceptions (10 events):
Event: 3.746 Thread 0x000000000c348800 Threw 0x00000007d6b354f0 at C:\re\jdk7u45\229\hotspot\src\share\vm\prims\jvm.cpp:1244
Event: 3.747 Thread 0x000000000c348800 Threw 0x00000007d6b38868 at C:\re\jdk7u45\229\hotspot\src\share\vm\prims\jvm.cpp:1244
Event: 3.748 Thread 0x000000000c348800 Threw 0x00000007d6b3cad0 at C:\re\jdk7u45\229\hotspot\src\share\vm\prims\jvm.cpp:1244
Event: 3.748 Thread 0x000000000c348800 Implicit null exception at 0x000000000246cd15 to 0x000000000246d0a1
Event: 3.749 Thread 0x000000000c348800 Threw 0x00000007d6b430d8 at C:\re\jdk7u45\229\hotspot\src\share\vm\prims\jvm.cpp:1244
Event: 3.751 Thread 0x000000000c348800 Threw 0x00000007d6b4be10 at C:\re\jdk7u45\229\hotspot\src\share\vm\prims\jvm.cpp:1244
Event: 3.756 Thread 0x000000000c348800 Threw 0x00000007d6b64600 at C:\re\jdk7u45\229\hotspot\src\share\vm\prims\jvm.cpp:1244
Event: 3.758 Thread 0x000000000c348800 Threw 0x00000007d6b90740 at C:\re\jdk7u45\229\hotspot\src\share\vm\prims\jvm.cpp:1244
Event: 3.761 Thread 0x000000000c348800 Threw 0x00000007d6b9a090 at C:\re\jdk7u45\229\hotspot\src\share\vm\prims\jvm.cpp:1244
Event: 3.764 Thread 0x000000000c348800 Threw 0x00000007d6b9ea60 at C:\re\jdk7u45\229\hotspot\src\share\vm\prims\jvm.cpp:1244

Events (10 events):
Event: 3.756 loading class 0x000000000c2e7a80
Event: 3.756 loading class 0x000000000c2e7a80 done
Event: 3.758 loading class 0x0000000010e93f90
Event: 3.758 loading class 0x0000000010e93f90 done
Event: 3.761 loading class 0x0000000011096e60
Event: 3.761 loading class 0x0000000011096e60 done
Event: 3.764 loading class 0x0000000010e93a50
Event: 3.764 loading class 0x0000000010e93a50 done
Event: 3.788 loading class 0x0000000002338ea0
Event: 3.788 loading class 0x0000000002338ea0 done


Dynamic libraries:
0x00007ff623fe0000 - 0x00007ff624013000 	C:\Program Files\Java\jdk1.7.0_45\bin\java.exe
0x00007ff91f0a0000 - 0x00007ff91f261000 	C:\WINDOWS\SYSTEM32\ntdll.dll
0x00007ff91d190000 - 0x00007ff91d23d000 	C:\WINDOWS\system32\KERNEL32.DLL
0x00007ff91bc50000 - 0x00007ff91be2d000 	C:\WINDOWS\system32\KERNELBASE.dll
0x00007ff91d4d0000 - 0x00007ff91d576000 	C:\WINDOWS\system32\ADVAPI32.dll
0x00007ff91d5c0000 - 0x00007ff91d65d000 	C:\WINDOWS\system32\msvcrt.dll
0x00007ff91c9d0000 - 0x00007ff91ca2b000 	C:\WINDOWS\system32\sechost.dll
0x00007ff91d260000 - 0x00007ff91d386000 	C:\WINDOWS\system32\RPCRT4.dll
0x00007ff91ca30000 - 0x00007ff91cb7e000 	C:\WINDOWS\system32\USER32.dll
0x00007ff91ed50000 - 0x00007ff91eed6000 	C:\WINDOWS\system32\GDI32.dll
0x00007ff9168a0000 - 0x00007ff916b14000 	C:\WINDOWS\WinSxS\amd64_microsoft.windows.common-controls_6595b64144ccf1df_6.0.10240.16384_none_f41f7b285750ef43\COMCTL32.dll
0x00007ff91d580000 - 0x00007ff91d5b6000 	C:\WINDOWS\system32\IMM32.DLL
0x00007ff91eb90000 - 0x00007ff91ecec000 	C:\WINDOWS\system32\MSCTF.dll
0x0000000066ee0000 - 0x0000000066fb2000 	C:\Program Files\Java\jdk1.7.0_45\jre\bin\msvcr100.dll
0x0000000067370000 - 0x0000000067b39000 	C:\Program Files\Java\jdk1.7.0_45\jre\bin\server\jvm.dll
0x00007ff91ce80000 - 0x00007ff91ce88000 	C:\WINDOWS\system32\PSAPI.DLL
0x00007ff919ff0000 - 0x00007ff91a013000 	C:\WINDOWS\SYSTEM32\WINMM.dll
0x00007ff90ff80000 - 0x00007ff90ff89000 	C:\WINDOWS\SYSTEM32\WSOCK32.dll
0x00007ff919fc0000 - 0x00007ff919fec000 	C:\WINDOWS\SYSTEM32\WINMMBASE.dll
0x00007ff91bc00000 - 0x00007ff91bc44000 	C:\WINDOWS\system32\cfgmgr32.dll
0x00007ff91a420000 - 0x00007ff91a447000 	C:\WINDOWS\SYSTEM32\DEVOBJ.dll
0x00007ff91cb80000 - 0x00007ff91cbe9000 	C:\WINDOWS\system32\WS2_32.dll
0x00007ff91c9c0000 - 0x00007ff91c9c8000 	C:\WINDOWS\system32\NSI.dll
0x0000000067360000 - 0x000000006736f000 	C:\Program Files\Java\jdk1.7.0_45\jre\bin\verify.dll
0x0000000067330000 - 0x0000000067358000 	C:\Program Files\Java\jdk1.7.0_45\jre\bin\java.dll
0x0000000067310000 - 0x0000000067325000 	C:\Program Files\Java\jdk1.7.0_45\jre\bin\zip.dll
0x00007ff919a40000 - 0x00007ff919a4f000 	D:\Programs\Android Studio\bin\breakgen64.dll
0x0000000065580000 - 0x0000000065616000 	C:\Users\Orion\AppData\Local\Temp\libgdxOrion\12247155\gdx64.dll
0x00000000672f0000 - 0x0000000067309000 	C:\Program Files\Java\jdk1.7.0_45\jre\bin\net.dll
0x00007ff91b320000 - 0x00007ff91b37d000 	C:\WINDOWS\system32\mswsock.dll
0x00007ff91b380000 - 0x00007ff91b397000 	C:\WINDOWS\SYSTEM32\CRYPTSP.dll
0x00007ff91b5f0000 - 0x00007ff91b618000 	C:\WINDOWS\SYSTEM32\bcrypt.dll
0x00007ff91afd0000 - 0x00007ff91b003000 	C:\WINDOWS\system32\rsaenh.dll
0x00007ff91b1b0000 - 0x00007ff91b1cf000 	C:\WINDOWS\SYSTEM32\USERENV.dll
0x00007ff91bb30000 - 0x00007ff91bb43000 	C:\WINDOWS\system32\profapi.dll
0x00007ff91b900000 - 0x00007ff91b96b000 	C:\WINDOWS\system32\bcryptprimitives.dll
0x00007ff91b5e0000 - 0x00007ff91b5eb000 	C:\WINDOWS\SYSTEM32\CRYPTBASE.dll
0x00007ff919310000 - 0x00007ff919328000 	C:\WINDOWS\system32\NLAapi.dll
0x00007ff901920000 - 0x00007ff901935000 	C:\WINDOWS\system32\napinsp.dll
0x00007ff901900000 - 0x00007ff90191a000 	C:\WINDOWS\system32\pnrpnsp.dll
0x00007ff91b100000 - 0x00007ff91b1a8000 	C:\WINDOWS\SYSTEM32\DNSAPI.dll
0x00007ff9049e0000 - 0x00007ff9049ed000 	C:\WINDOWS\System32\winrnr.dll
0x00007ff90f750000 - 0x00007ff90f75a000 	C:\Windows\System32\rasadhlp.dll
0x00007ff917c70000 - 0x00007ff917ca8000 	C:\WINDOWS\SYSTEM32\IPHLPAPI.DLL
0x00007ff917c30000 - 0x00007ff917c3b000 	C:\WINDOWS\SYSTEM32\WINNSI.DLL
0x00007ff9153d0000 - 0x00007ff915438000 	C:\WINDOWS\System32\fwpuclnt.dll
0x00000000672d0000 - 0x00000000672e1000 	C:\Program Files\Java\jdk1.7.0_45\jre\bin\nio.dll
0x0000000180000000 - 0x0000000180053000 	C:\Users\Orion\AppData\Local\Temp\libgdxOrion\dc0f0009\lwjgl64.dll
0x00007ff907280000 - 0x00007ff9073a8000 	C:\WINDOWS\SYSTEM32\OPENGL32.dll
0x00007ff918180000 - 0x00007ff91818a000 	C:\WINDOWS\SYSTEM32\VERSION.dll
0x00007ff910010000 - 0x00007ff91003e000 	C:\WINDOWS\SYSTEM32\GLU32.dll
0x00007ff909410000 - 0x00007ff909506000 	C:\WINDOWS\SYSTEM32\DDRAW.dll
0x00007ff917cc0000 - 0x00007ff917cc8000 	C:\WINDOWS\SYSTEM32\DCIMAN32.dll
0x000000000ca20000 - 0x000000000ca84000 	C:\Users\Orion\AppData\Local\Temp\libgdxOrion\dc0f0009\OpenAL64.dll
0x00007ff91d660000 - 0x00007ff91eb82000 	C:\WINDOWS\system32\SHELL32.dll
0x00007ff91c000000 - 0x00007ff91c628000 	C:\WINDOWS\system32\windows.storage.dll
0x00007ff91ceb0000 - 0x00007ff91d12c000 	C:\WINDOWS\system32\combase.dll
0x00007ff91d470000 - 0x00007ff91d4c1000 	C:\WINDOWS\system32\shlwapi.dll
0x00007ff91bb00000 - 0x00007ff91bb0f000 	C:\WINDOWS\system32\kernel.appcore.dll
0x00007ff91c690000 - 0x00007ff91c743000 	C:\WINDOWS\system32\shcore.dll
0x00007ff91bab0000 - 0x00007ff91bafa000 	C:\WINDOWS\system32\powrprof.dll
0x00007ff91ef50000 - 0x00007ff91f091000 	C:\WINDOWS\system32\ole32.dll
0x00007ff91a380000 - 0x00007ff91a416000 	C:\WINDOWS\system32\uxtheme.dll
0x00007ff91cdd0000 - 0x00007ff91ce75000 	C:\WINDOWS\system32\clbcatq.dll
0x00007ff919830000 - 0x00007ff9199b3000 	C:\WINDOWS\System32\PROPSYS.dll
0x00007ff91c750000 - 0x00007ff91c80e000 	C:\WINDOWS\system32\OLEAUT32.dll
0x00007ff907c90000 - 0x00007ff907d2c000 	C:\WINDOWS\SYSTEM32\dsound.dll
0x00007ff915770000 - 0x00007ff9157e2000 	C:\WINDOWS\System32\MMDevApi.dll
0x00007ff915440000 - 0x00007ff9154c5000 	C:\WINDOWS\SYSTEM32\AUDIOSES.DLL
0x00007ff915840000 - 0x00007ff915971000 	C:\WINDOWS\SYSTEM32\wintypes.dll
0x00007ff9197e0000 - 0x00007ff919802000 	C:\WINDOWS\system32\dwmapi.dll
0x0000000065950000 - 0x0000000066ece000 	C:\WINDOWS\SYSTEM32\nvoglv64.DLL
0x00007ff91cc00000 - 0x00007ff91cdc5000 	C:\WINDOWS\system32\SETUPAPI.dll
0x00007ff919a00000 - 0x00007ff919a13000 	C:\WINDOWS\SYSTEM32\WTSAPI32.dll
0x00007ff91ae50000 - 0x00007ff91ae82000 	C:\WINDOWS\SYSTEM32\ntmarta.dll
0x00007ff91ac50000 - 0x00007ff91aca8000 	C:\WINDOWS\SYSTEM32\WINSTA.dll
0x00007ff916b20000 - 0x00007ff916bb1000 	C:\WINDOWS\SYSTEM32\mscms.dll
0x00007ff90dc60000 - 0x00007ff90dca2000 	C:\WINDOWS\SYSTEM32\icm32.dll
0x00000000114b0000 - 0x000000001156b000 	C:\Users\Orion\AppData\Local\Temp\libgdxOrion\5da62973\gdx-box2d64.dll
0x00007ff902670000 - 0x00007ff9027fa000 	C:\WINDOWS\SYSTEM32\dbghelp.dll

VM Arguments:
jvm_args: -Didea.launcher.port=7532 -Didea.launcher.bin.path=D:\Programs\Android Studio\bin -Dfile.encoding=UTF-8 
java_command: com.intellij.rt.execution.application.AppMain verberg.com.shmup.desktop.DesktopLauncher
Launcher Type: SUN_STANDARD

Environment Variables:
PATH=C:\Program Files\Common Files\Microsoft Shared\Windows Live;C:\Program Files (x86)\Common Files\Microsoft Shared\Windows Live;C:\Program Files\Java\jdk1.7.0_07\bin;C:\Program Files (x86)\AMD APP\bin\x86_64;C:\Program Files (x86)\AMD APP\bin\x86;C:\WINDOWS\system32;C:\WINDOWS;C:\WINDOWS\System32\Wbem;C:\WINDOWS\System32\WindowsPowerShell\v1.0\;C:\Program Files (x86)\ATI Technologies\ATI.ACE\Core-Static;C:\Program Files\Microsoft SQL Server\100\DTS\Binn\;C:\Program Files (x86)\Windows Live\Shared;C:\Program Files (x86)\Git\cmd;C:\Program Files\Perforce;C:\Program Files\Microsoft SQL Server\110\Tools\Binn\;C:\Program Files (x86)\nodejs\;C:\Program Files (x86)\NVIDIA Corporation\PhysX\Common;C:\Program Files (x86)\GtkSharp\2.12\bin;C:\Cocos\frameworks\cocos2d-x-3.8\tools\cocos2d-console\bin;C:\Program Files\Common Files\Microsoft Shared\Windows Live;C:\Program Files (x86)\Common Files\Microsoft Shared\Windows Live;C:\Program Files\Java\jdk1.7.0_07\bin;C:\Program Files (x86)\AMD APP\bin\x86_64;C:\Program Files (x86)\AMD APP\bin\x86;C:\Windows\system32;C:\Windows;C:\Windows\System32\Wbem;C:\Windows\System32\WindowsPowerShell\v1.0\;C:\Program Files (x86)\ATI Technologies\ATI.ACE\Core-Static;C:\Program Files\Microsoft SQL Server\100\DTS\Binn\;C:\Program Files (x86)\Windows Live\Shared;C:\Program Files (x86)\Git\cmd;C:\Program Files\Perforce;C:\Program Files\Microsoft SQL Server\110\Tools\Binn\;D:\Android\sdk\platform-tools;C:\Program Files\Java\jdk1.7.0_45\bin;C:\Users\Orion\AppData\Roaming\npm;C:\Cocos\tools\Python27
USERNAME=Orion
OS=Windows_NT
PROCESSOR_IDENTIFIER=AMD64 Family 16 Model 4 Stepping 3, AuthenticAMD



---------------  S Y S T E M  ---------------

OS: Windows 8 , 64 bit Build 9200 

CPU:total 4 (4 cores per cpu, 1 threads per core) family 16 model 4 stepping 3, cmov, cx8, fxsr, mmx, sse, sse2, sse3, popcnt, mmxext, 3dnowpref, lzcnt, sse4a, tsc, tscinvbit, tscinv

Memory: 4k page, physical 8387812k(4225472k free), swap 16776420k(11753132k free)

vm_info: Java HotSpot(TM) 64-Bit Server VM (24.45-b08) for windows-amd64 JRE (1.7.0_45-b18), built on Oct  8 2013 05:47:22 by "java_re" with unknown MS VC++:1600

time: Sun Jan 31 12:28:51 2016
elapsed time: 3 seconds

