#
# A fatal error has been detected by the Java Runtime Environment:
#
#  EXCEPTION_ACCESS_VIOLATION (0xc0000005) at pc=0x0000000000000000, pid=3276, tid=244
#
# JRE version: Java(TM) SE Runtime Environment (7.0_45-b18) (build 1.7.0_45-b18)
# Java VM: Java HotSpot(TM) 64-Bit Server VM (24.45-b08 mixed mode windows-amd64 compressed oops)
# Problematic frame:
# C  0x0000000000000000
#
# Failed to write core dump. Minidumps are not enabled by default on client versions of Windows
#
# If you would like to submit a bug report, please visit:
#   http://bugreport.sun.com/bugreport/crash.jsp
# The crash happened outside the Java Virtual Machine in native code.
# See problematic frame for where to report the bug.
#

---------------  T H R E A D  ---------------

Current thread (0x000000000c449000):  JavaThread "LWJGL Application" [_thread_in_native, id=244, stack(0x000000000db30000,0x000000000dc30000)]

siginfo: ExceptionCode=0xc0000005, ExceptionInformation=0x0000000000000008 0x0000000000000000

Registers:
RAX=0x000000000d5db6d0, RBX=0x000000000d5dacd0, RCX=0x000000000d5dacd0, RDX=0x000000000d5ab790
RSP=0x000000000dc2ece8, RBP=0x000000000d5c8b20, RSI=0x000000000d5ab790, RDI=0x000000000d5ab790
R8 =0x000000000d5ab790, R9 =0x000000000d5dacd0, R10=0x0000000002532ac4, R11=0x000000006834f900
R12=0x0000000000000000, R13=0x000000077b4299d8, R14=0x000000000dc2eec8, R15=0x000000000c449000
RIP=0x0000000000000000, EFLAGS=0x0000000000010206

Top of Stack: (sp=0x000000000dc2ece8)
0x000000000dc2ece8:   0000000010ea43f2 0000000000000001
0x000000000dc2ecf8:   00000000025260f8 4177d78400000000
0x000000000dc2ed08:   0000000002533021 000000077aef7e80
0x000000000dc2ed18:   000000000d5dacd0 000000000d5c8e20
0x000000000dc2ed28:   0000000010eb2743 000051c10c076b95
0x000000000dc2ed38:   0000e00c2d2cac7c 000000077af2a668
0x000000000dc2ed48:   0000000000000000 000000000d5ab790
0x000000000dc2ed58:   000000000d5dacd0 00000000025260f8
0x000000000dc2ed68:   000000000dc2ee88 0000000000000000
0x000000000dc2ed78:   0000000010eb903d 000000000dc2ee08
0x000000000dc2ed88:   000000077aef9698 00000007d62bcd68
0x000000000dc2ed98:   0000000000000001 0000000010eec830
0x000000000dc2eda8:   000000000c4491e8 000000000dc2eec8
0x000000000dc2edb8:   0000000000000000 0000000010eec8b0
0x000000000dc2edc8:   000000000c4491e8 000000000dc2eec8
0x000000000dc2edd8:   000000077b23af30 000000000dc2ee50 

Instructions: (pc=0x0000000000000000)
0xffffffffffffffe0:   


Register to memory mapping:

RAX=0x000000000d5db6d0 is an unknown value
RBX=0x000000000d5dacd0 is an unknown value
RCX=0x000000000d5dacd0 is an unknown value
RDX=0x000000000d5ab790 is an unknown value
RSP=0x000000000dc2ece8 is pointing into the stack for thread: 0x000000000c449000
RBP=0x000000000d5c8b20 is an unknown value
RSI=0x000000000d5ab790 is an unknown value
RDI=0x000000000d5ab790 is an unknown value
R8 =0x000000000d5ab790 is an unknown value
R9 =0x000000000d5dacd0 is an unknown value
R10=0x0000000002532ac4 is at code_begin+644 in an Interpreter codelet
method entry point (kind = native)  [0x0000000002532840, 0x00000000025330e0]  2208 bytes
R11=0x000000006834f900 is an unknown value
R12=0x0000000000000000 is an unknown value
R13=0x000000077b4299d8 is an oop
{method} 
 - klass: {other class}
R14=0x000000000dc2eec8 is pointing into the stack for thread: 0x000000000c449000
R15=0x000000000c449000 is a thread


Stack: [0x000000000db30000,0x000000000dc30000],  sp=0x000000000dc2ece8,  free space=1019k
Java frames: (J=compiled Java code, j=interpreted, Vv=VM code)
j  com.badlogic.gdx.physics.box2d.World.jniDestroyJoint(JJ)V+0
j  com.badlogic.gdx.physics.box2d.World.destroyJoint(Lcom/badlogic/gdx/physics/box2d/Joint;)V+64
j  components.Car.destruct()V+25
j  Input.CarCommands$destructCommand.execute(Lcomponents/ShmupActor;)V+11
j  verberg.com.shmup.Game.update()V+105
j  verberg.com.shmup.Game.render()V+1
j  com.badlogic.gdx.backends.lwjgl.LwjglApplication.mainLoop()V+684
j  com.badlogic.gdx.backends.lwjgl.LwjglApplication$1.run()V+27
v  ~StubRoutines::call_stub

---------------  P R O C E S S  ---------------

Java Threads: ( => current thread )
  0x000000000c6ae000 JavaThread "LWJGL Timer" daemon [_thread_blocked, id=5912, stack(0x0000000010f50000,0x0000000011050000)]
  0x0000000002424000 JavaThread "DestroyJavaVM" [_thread_blocked, id=7336, stack(0x0000000002320000,0x0000000002420000)]
=>0x000000000c449000 JavaThread "LWJGL Application" [_thread_in_native, id=244, stack(0x000000000db30000,0x000000000dc30000)]
  0x000000000c3d2800 JavaThread "Monitor Ctrl-Break" daemon [_thread_in_native, id=6960, stack(0x000000000c6d0000,0x000000000c7d0000)]
  0x000000000a944800 JavaThread "Service Thread" daemon [_thread_blocked, id=6580, stack(0x000000000c0b0000,0x000000000c1b0000)]
  0x000000000a93c000 JavaThread "C2 CompilerThread1" daemon [_thread_blocked, id=6676, stack(0x000000000bfb0000,0x000000000c0b0000)]
  0x000000000a937000 JavaThread "C2 CompilerThread0" daemon [_thread_blocked, id=5168, stack(0x000000000beb0000,0x000000000bfb0000)]
  0x000000000a935800 JavaThread "Attach Listener" daemon [_thread_blocked, id=7752, stack(0x000000000bdb0000,0x000000000beb0000)]
  0x000000000a932800 JavaThread "Signal Dispatcher" daemon [_thread_blocked, id=1548, stack(0x000000000bcb0000,0x000000000bdb0000)]
  0x000000000a901800 JavaThread "Finalizer" daemon [_thread_blocked, id=7356, stack(0x000000000bbb0000,0x000000000bcb0000)]
  0x000000000a8f6800 JavaThread "Reference Handler" daemon [_thread_blocked, id=1764, stack(0x000000000bab0000,0x000000000bbb0000)]

Other Threads:
  0x000000000a8f4800 VMThread [stack: 0x000000000b9b0000,0x000000000bab0000] [id=2760]
  0x000000000a987000 WatcherThread [stack: 0x000000000c1b0000,0x000000000c2b0000] [id=4936]

VM state:not at safepoint (normal execution)

VM Mutex/Monitor currently owned by a thread: None

Heap
 PSYoungGen      total 38912K, used 14584K [0x00000007d5500000, 0x00000007d8000000, 0x0000000800000000)
  eden space 33792K, 43% used [0x00000007d5500000,0x00000007d633e138,0x00000007d7600000)
  from space 5120K, 0% used [0x00000007d7b00000,0x00000007d7b00000,0x00000007d8000000)
  to   space 5120K, 0% used [0x00000007d7600000,0x00000007d7600000,0x00000007d7b00000)
 ParOldGen       total 87040K, used 0K [0x0000000780000000, 0x0000000785500000, 0x00000007d5500000)
  object space 87040K, 0% used [0x0000000780000000,0x0000000780000000,0x0000000785500000)
 PSPermGen       total 21504K, used 6928K [0x000000077ae00000, 0x000000077c300000, 0x0000000780000000)
  object space 21504K, 32% used [0x000000077ae00000,0x000000077b4c41c8,0x000000077c300000)

Card table byte_map: [0x00000000055e0000,0x0000000005a10000] byte_map_base: 0x0000000001a09000

Polling page: 0x0000000000b50000

Code Cache  [0x0000000002520000, 0x0000000002790000, 0x0000000005520000)
 total_blobs=463 nmethods=46 adapters=371 free_code_cache=48560Kb largest_free_block=49703616

Compilation events (10 events):
Event: 0.860 Thread 0x000000000a93c000   42             java.lang.String::startsWith (7 bytes)
Event: 0.862 Thread 0x000000000a93c000 nmethod 42 0x00000000025aef90 code [0x00000000025af0e0, 0x00000000025af258]
Event: 0.916 Thread 0x000000000a937000   43             java.util.ArrayList::size (5 bytes)
Event: 0.916 Thread 0x000000000a937000 nmethod 43 0x00000000025b55d0 code [0x00000000025b5700, 0x00000000025b5758]
Event: 0.917 Thread 0x000000000a93c000   44  s!         sun.misc.URLClassPath::getLoader (154 bytes)
Event: 0.928 Thread 0x000000000a93c000 nmethod 44 0x00000000025b7d50 code [0x00000000025b7f20, 0x00000000025b8da0]
Event: 0.965 Thread 0x000000000a937000   45             org.lwjgl.opengl.Sync$RunningAvg::avg (37 bytes)
Event: 0.967 Thread 0x000000000a937000 nmethod 45 0x00000000025b64d0 code [0x00000000025b6600, 0x00000000025b6758]
Event: 0.968 Thread 0x000000000a93c000   46             com.badlogic.gdx.utils.LongMap$MapIterator::findNextIndex (64 bytes)
Event: 0.970 Thread 0x000000000a93c000 nmethod 46 0x00000000025b6150 code [0x00000000025b6280, 0x00000000025b6418]

GC Heap History (0 events):
No events

Deoptimization events (0 events):
No events

Internal exceptions (10 events):
Event: 0.909 Thread 0x000000000c449000 Threw 0x00000007d6283920 at C:\re\jdk7u45\229\hotspot\src\share\vm\prims\jvm.cpp:1244
Event: 0.910 Thread 0x000000000c449000 Threw 0x00000007d6289218 at C:\re\jdk7u45\229\hotspot\src\share\vm\prims\jvm.cpp:1244
Event: 0.910 Thread 0x000000000c449000 Threw 0x00000007d628e740 at C:\re\jdk7u45\229\hotspot\src\share\vm\prims\jvm.cpp:1244
Event: 0.911 Thread 0x000000000c449000 Threw 0x00000007d6294460 at C:\re\jdk7u45\229\hotspot\src\share\vm\prims\jvm.cpp:1244
Event: 0.914 Thread 0x000000000c449000 Threw 0x00000007d629c5e8 at C:\re\jdk7u45\229\hotspot\src\share\vm\prims\jvm.cpp:1244
Event: 0.915 Thread 0x000000000c449000 Threw 0x00000007d62a54a0 at C:\re\jdk7u45\229\hotspot\src\share\vm\prims\jvm.cpp:1244
Event: 0.916 Thread 0x000000000c449000 Threw 0x00000007d62aae70 at C:\re\jdk7u45\229\hotspot\src\share\vm\prims\jvm.cpp:1244
Event: 0.917 Thread 0x000000000c449000 Threw 0x00000007d62b0d00 at C:\re\jdk7u45\229\hotspot\src\share\vm\prims\jvm.cpp:1244
Event: 0.918 Thread 0x000000000c449000 Threw 0x00000007d62b5cd0 at C:\re\jdk7u45\229\hotspot\src\share\vm\prims\jvm.cpp:1244
Event: 0.967 Thread 0x000000000c449000 Threw 0x00000007d62b9d40 at C:\re\jdk7u45\229\hotspot\src\share\vm\prims\jvm.cpp:1244

Events (10 events):
Event: 0.915 loading class 0x000000000ccf43a0 done
Event: 0.916 loading class 0x000000000c6ab000
Event: 0.916 loading class 0x000000000c6ab000 done
Event: 0.917 loading class 0x000000000cf0f2b0
Event: 0.917 loading class 0x000000000cf0f2b0 done
Event: 0.917 Thread 0x000000000c6ae000 Thread added: 0x000000000c6ae000
Event: 0.918 loading class 0x000000000c6a9380
Event: 0.918 loading class 0x000000000c6a9380 done
Event: 0.967 loading class 0x000000000c6aa480
Event: 0.967 loading class 0x000000000c6aa480 done


Dynamic libraries:
0x00007ff74eeb0000 - 0x00007ff74eee3000 	C:\Program Files\Java\jdk1.7.0_45\bin\java.exe
0x00007ff866370000 - 0x00007ff866531000 	C:\WINDOWS\SYSTEM32\ntdll.dll
0x00007ff864b80000 - 0x00007ff864c2d000 	C:\WINDOWS\system32\KERNEL32.DLL
0x00007ff862f30000 - 0x00007ff86310d000 	C:\WINDOWS\system32\KERNELBASE.dll
0x00007ff864670000 - 0x00007ff864716000 	C:\WINDOWS\system32\ADVAPI32.dll
0x00007ff864a80000 - 0x00007ff864b1d000 	C:\WINDOWS\system32\msvcrt.dll
0x00007ff864330000 - 0x00007ff86438b000 	C:\WINDOWS\system32\sechost.dll
0x00007ff864c90000 - 0x00007ff864db6000 	C:\WINDOWS\system32\RPCRT4.dll
0x00007ff864790000 - 0x00007ff8648de000 	C:\WINDOWS\system32\USER32.dll
0x00007ff864390000 - 0x00007ff864516000 	C:\WINDOWS\system32\GDI32.dll
0x00007ff85e000000 - 0x00007ff85e274000 	C:\WINDOWS\WinSxS\amd64_microsoft.windows.common-controls_6595b64144ccf1df_6.0.10240.16384_none_f41f7b285750ef43\COMCTL32.dll
0x00007ff864c30000 - 0x00007ff864c66000 	C:\WINDOWS\system32\IMM32.DLL
0x00007ff863d00000 - 0x00007ff863e5c000 	C:\WINDOWS\system32\MSCTF.dll
0x0000000067d20000 - 0x0000000067df2000 	C:\Program Files\Java\jdk1.7.0_45\jre\bin\msvcr100.dll
0x0000000068170000 - 0x0000000068939000 	C:\Program Files\Java\jdk1.7.0_45\jre\bin\server\jvm.dll
0x00007ff866360000 - 0x00007ff866368000 	C:\WINDOWS\system32\PSAPI.DLL
0x00007ff8612c0000 - 0x00007ff8612e3000 	C:\WINDOWS\SYSTEM32\WINMM.dll
0x00007ff856160000 - 0x00007ff856169000 	C:\WINDOWS\SYSTEM32\WSOCK32.dll
0x00007ff864dc0000 - 0x00007ff864e29000 	C:\WINDOWS\system32\WS2_32.dll
0x00007ff861260000 - 0x00007ff86128c000 	C:\WINDOWS\SYSTEM32\WINMMBASE.dll
0x00007ff862ee0000 - 0x00007ff862f24000 	C:\WINDOWS\system32\cfgmgr32.dll
0x00007ff8616f0000 - 0x00007ff861717000 	C:\WINDOWS\SYSTEM32\DEVOBJ.dll
0x00007ff863e60000 - 0x00007ff863e68000 	C:\WINDOWS\system32\NSI.dll
0x0000000068160000 - 0x000000006816f000 	C:\Program Files\Java\jdk1.7.0_45\jre\bin\verify.dll
0x0000000068130000 - 0x0000000068158000 	C:\Program Files\Java\jdk1.7.0_45\jre\bin\java.dll
0x0000000068110000 - 0x0000000068125000 	C:\Program Files\Java\jdk1.7.0_45\jre\bin\zip.dll
0x00007ff860e70000 - 0x00007ff860e7f000 	D:\Programs\Android Studio\bin\breakgen64.dll
0x00000000680f0000 - 0x0000000068109000 	C:\Program Files\Java\jdk1.7.0_45\jre\bin\net.dll
0x00007ff8625f0000 - 0x00007ff86264d000 	C:\WINDOWS\system32\mswsock.dll
0x0000000065580000 - 0x0000000065616000 	C:\Users\Orion\AppData\Local\Temp\libgdxOrion\12247155\gdx64.dll
0x00007ff862650000 - 0x00007ff862667000 	C:\WINDOWS\SYSTEM32\CRYPTSP.dll
0x00007ff8628c0000 - 0x00007ff8628e8000 	C:\WINDOWS\SYSTEM32\bcrypt.dll
0x00007ff8622a0000 - 0x00007ff8622d3000 	C:\WINDOWS\system32\rsaenh.dll
0x00007ff862440000 - 0x00007ff86245f000 	C:\WINDOWS\SYSTEM32\USERENV.dll
0x00007ff862de0000 - 0x00007ff862df3000 	C:\WINDOWS\system32\profapi.dll
0x00007ff862bd0000 - 0x00007ff862c3b000 	C:\WINDOWS\system32\bcryptprimitives.dll
0x00007ff8627c0000 - 0x00007ff8627cb000 	C:\WINDOWS\SYSTEM32\CRYPTBASE.dll
0x00007ff8605e0000 - 0x00007ff8605f8000 	C:\WINDOWS\system32\NLAapi.dll
0x00007ff84bf60000 - 0x00007ff84bf75000 	C:\WINDOWS\system32\napinsp.dll
0x00007ff84bf80000 - 0x00007ff84bf9a000 	C:\WINDOWS\system32\pnrpnsp.dll
0x00007ff862390000 - 0x00007ff862438000 	C:\WINDOWS\SYSTEM32\DNSAPI.dll
0x00007ff84bfa0000 - 0x00007ff84bfad000 	C:\WINDOWS\System32\winrnr.dll
0x00007ff857190000 - 0x00007ff85719a000 	C:\Windows\System32\rasadhlp.dll
0x00007ff85ef90000 - 0x00007ff85efc8000 	C:\WINDOWS\SYSTEM32\IPHLPAPI.DLL
0x00007ff85ee40000 - 0x00007ff85ee4b000 	C:\WINDOWS\SYSTEM32\WINNSI.DLL
0x00007ff85c930000 - 0x00007ff85c998000 	C:\WINDOWS\System32\fwpuclnt.dll
0x00000000680d0000 - 0x00000000680e1000 	C:\Program Files\Java\jdk1.7.0_45\jre\bin\nio.dll
0x0000000180000000 - 0x0000000180053000 	C:\Users\Orion\AppData\Local\Temp\libgdxOrion\dc0f0009\lwjgl64.dll
0x00007ff840910000 - 0x00007ff840a38000 	C:\WINDOWS\SYSTEM32\OPENGL32.dll
0x00007ff85f390000 - 0x00007ff85f39a000 	C:\WINDOWS\SYSTEM32\VERSION.dll
0x00007ff840810000 - 0x00007ff840906000 	C:\WINDOWS\SYSTEM32\DDRAW.dll
0x00007ff84d8d0000 - 0x00007ff84d8fe000 	C:\WINDOWS\SYSTEM32\GLU32.dll
0x00007ff854d60000 - 0x00007ff854d68000 	C:\WINDOWS\SYSTEM32\DCIMAN32.dll
0x000000000c7f0000 - 0x000000000c854000 	C:\Users\Orion\AppData\Local\Temp\libgdxOrion\dc0f0009\OpenAL64.dll
0x00007ff864e30000 - 0x00007ff866352000 	C:\WINDOWS\system32\SHELL32.dll
0x00007ff8633f0000 - 0x00007ff863a18000 	C:\WINDOWS\system32\windows.storage.dll
0x00007ff863a20000 - 0x00007ff863c9c000 	C:\WINDOWS\system32\combase.dll
0x00007ff864b20000 - 0x00007ff864b71000 	C:\WINDOWS\system32\shlwapi.dll
0x00007ff862dd0000 - 0x00007ff862ddf000 	C:\WINDOWS\system32\kernel.appcore.dll
0x00007ff862e20000 - 0x00007ff862ed3000 	C:\WINDOWS\system32\shcore.dll
0x00007ff862d80000 - 0x00007ff862dca000 	C:\WINDOWS\system32\powrprof.dll
0x00007ff864520000 - 0x00007ff864661000 	C:\WINDOWS\system32\ole32.dll
0x00007ff861650000 - 0x00007ff8616e6000 	C:\WINDOWS\system32\uxtheme.dll
0x00007ff864280000 - 0x00007ff864325000 	C:\WINDOWS\system32\clbcatq.dll
0x00007ff860b50000 - 0x00007ff860cd3000 	C:\WINDOWS\System32\PROPSYS.dll
0x00007ff8648e0000 - 0x00007ff86499e000 	C:\WINDOWS\system32\OLEAUT32.dll
0x00007ff84cc60000 - 0x00007ff84ccfc000 	C:\WINDOWS\SYSTEM32\dsound.dll
0x00007ff85cf30000 - 0x00007ff85cfa2000 	C:\WINDOWS\System32\MMDevApi.dll
0x00007ff85c8a0000 - 0x00007ff85c925000 	C:\WINDOWS\SYSTEM32\AUDIOSES.DLL
0x00007ff85d700000 - 0x00007ff85d831000 	C:\WINDOWS\SYSTEM32\wintypes.dll
0x00007ff860970000 - 0x00007ff860992000 	C:\WINDOWS\system32\dwmapi.dll
0x0000000066790000 - 0x0000000067d0e000 	C:\WINDOWS\SYSTEM32\nvoglv64.DLL
0x00007ff863f00000 - 0x00007ff8640c5000 	C:\WINDOWS\system32\SETUPAPI.dll
0x00007ff860ce0000 - 0x00007ff860cf3000 	C:\WINDOWS\SYSTEM32\WTSAPI32.dll
0x00007ff862120000 - 0x00007ff862152000 	C:\WINDOWS\SYSTEM32\ntmarta.dll
0x00007ff861e40000 - 0x00007ff861e98000 	C:\WINDOWS\SYSTEM32\WINSTA.dll
0x00007ff85df20000 - 0x00007ff85dfb1000 	C:\WINDOWS\SYSTEM32\mscms.dll
0x00007ff848350000 - 0x00007ff848392000 	C:\WINDOWS\SYSTEM32\icm32.dll
0x0000000010e90000 - 0x0000000010f4b000 	C:\Users\Orion\AppData\Local\Temp\libgdxOrion\5da62973\gdx-box2d64.dll
0x00007ff84bab0000 - 0x00007ff84bc3a000 	C:\WINDOWS\SYSTEM32\dbghelp.dll

VM Arguments:
jvm_args: -Didea.launcher.port=7564 -Didea.launcher.bin.path=D:\Programs\Android Studio\bin -Dfile.encoding=UTF-8 
java_command: com.intellij.rt.execution.application.AppMain verberg.com.shmup.desktop.DesktopLauncher
Launcher Type: SUN_STANDARD

Environment Variables:
PATH=C:\Program Files (x86)\Google\Chrome\Application;C:\Program Files\Common Files\Microsoft Shared\Windows Live;C:\Program Files (x86)\Common Files\Microsoft Shared\Windows Live;C:\Program Files\Java\jdk1.7.0_07\bin;C:\Program Files (x86)\AMD APP\bin\x86_64;C:\Program Files (x86)\AMD APP\bin\x86;C:\WINDOWS\system32;C:\WINDOWS;C:\WINDOWS\System32\Wbem;C:\WINDOWS\System32\WindowsPowerShell\v1.0\;C:\Program Files (x86)\ATI Technologies\ATI.ACE\Core-Static;C:\Program Files\Microsoft SQL Server\100\DTS\Binn\;C:\Program Files (x86)\Windows Live\Shared;C:\Program Files (x86)\Git\cmd;C:\Program Files\Perforce;C:\Program Files\Microsoft SQL Server\110\Tools\Binn\;C:\Program Files (x86)\nodejs\;C:\Program Files (x86)\NVIDIA Corporation\PhysX\Common;C:\Program Files (x86)\GtkSharp\2.12\bin;C:\Cocos\frameworks\cocos2d-x-3.8\tools\cocos2d-console\bin;C:\Program Files\Common Files\Microsoft Shared\Windows Live;C:\Program Files (x86)\Common Files\Microsoft Shared\Windows Live;C:\Program Files\Java\jdk1.7.0_07\bin;C:\Program Files (x86)\AMD APP\bin\x86_64;C:\Program Files (x86)\AMD APP\bin\x86;C:\Windows\system32;C:\Windows;C:\Windows\System32\Wbem;C:\Windows\System32\WindowsPowerShell\v1.0\;C:\Program Files (x86)\ATI Technologies\ATI.ACE\Core-Static;C:\Program Files\Microsoft SQL Server\100\DTS\Binn\;C:\Program Files (x86)\Windows Live\Shared;C:\Program Files (x86)\Git\cmd;C:\Program Files\Perforce;C:\Program Files\Microsoft SQL Server\110\Tools\Binn\;D:\Android\sdk\platform-tools;C:\Program Files\Java\jdk1.7.0_45\bin;C:\Users\Orion\AppData\Roaming\npm;C:\Cocos\tools\Python27
USERNAME=Orion
OS=Windows_NT
PROCESSOR_IDENTIFIER=AMD64 Family 16 Model 4 Stepping 3, AuthenticAMD



---------------  S Y S T E M  ---------------

OS: Windows 8 , 64 bit Build 9200 

CPU:total 4 (4 cores per cpu, 1 threads per core) family 16 model 4 stepping 3, cmov, cx8, fxsr, mmx, sse, sse2, sse3, popcnt, mmxext, 3dnowpref, lzcnt, sse4a, tsc, tscinvbit, tscinv

Memory: 4k page, physical 8387812k(4392920k free), swap 16776420k(11564996k free)

vm_info: Java HotSpot(TM) 64-Bit Server VM (24.45-b08) for windows-amd64 JRE (1.7.0_45-b18), built on Oct  8 2013 05:47:22 by "java_re" with unknown MS VC++:1600

time: Sat Nov 21 11:35:35 2015
elapsed time: 0 seconds

