#
# A fatal error has been detected by the Java Runtime Environment:
#
#  EXCEPTION_ACCESS_VIOLATION (0xc0000005) at pc=0x0000000000000000, pid=6776, tid=828
#
# JRE version: Java(TM) SE Runtime Environment (7.0_45-b18) (build 1.7.0_45-b18)
# Java VM: Java HotSpot(TM) 64-Bit Server VM (24.45-b08 mixed mode windows-amd64 compressed oops)
# Problematic frame:
# C  0x0000000000000000
#
# Failed to write core dump. Minidumps are not enabled by default on client versions of Windows
#
# If you would like to submit a bug report, please visit:
#   http://bugreport.sun.com/bugreport/crash.jsp
# The crash happened outside the Java Virtual Machine in native code.
# See problematic frame for where to report the bug.
#

---------------  T H R E A D  ---------------

Current thread (0x000000000ca98800):  JavaThread "LWJGL Application" [_thread_in_native, id=828, stack(0x000000000dfd0000,0x000000000e0d0000)]

siginfo: ExceptionCode=0xc0000005, ExceptionInformation=0x0000000000000008 0x0000000000000000

Registers:
RAX=0x000000000da27af0, RBX=0x000000000da288b0, RCX=0x000000000da288b0, RDX=0x000000000d9fb680
RSP=0x000000000e0cea78, RBP=0x000000000da18650, RSI=0x000000000d9fb680, RDI=0x000000000d9fb680
R8 =0x000000000d9fb680, R9 =0x000000000da288b0, R10=0x0000000002992ac4, R11=0x000000006f9ff900
R12=0x0000000000000000, R13=0x000000077b4351d0, R14=0x000000000e0cec60, R15=0x000000000ca98800
RIP=0x0000000000000000, EFLAGS=0x0000000000010202

Top of Stack: (sp=0x000000000e0cea78)
0x000000000e0cea78:   0000000066bd43f2 0000000000000002
0x000000000e0cea88:   0000000000000001 000000000ca98800
0x000000000e0cea98:   000000000da1bd50 0000000000000002
0x000000000e0ceaa8:   000000000da288b0 000000000da184d0
0x000000000e0ceab8:   0000000066be2743 000000000e0ceb58
0x000000000e0ceac8:   000000006f977cd0 000000000e0ceaf8
0x000000000e0cead8:   0000000000000002 000000000d9fb680
0x000000000e0ceae8:   000000000da288b0 0000000000000002
0x000000000e0ceaf8:   000000000e0cec20 0000000000000000
0x000000000e0ceb08:   0000000066be903d 0000000000000000
0x000000000e0ceb18:   00000007d7617550 000000077ae1ec18
0x000000000e0ceb28:   0000000000000000 0000000066c1c830
0x000000000e0ceb38:   000000000ca989e8 000000000e0cec60
0x000000000e0ceb48:   00000000029860f8 0000000066c1c8b0
0x000000000e0ceb58:   000000000ca989e8 000000000e0cec60
0x000000000e0ceb68:   0000000000000003 00000007d7676230 

Instructions: (pc=0x0000000000000000)
0xffffffffffffffe0:   


Register to memory mapping:

RAX=0x000000000da27af0 is an unknown value
RBX=0x000000000da288b0 is an unknown value
RCX=0x000000000da288b0 is an unknown value
RDX=0x000000000d9fb680 is an unknown value
RSP=0x000000000e0cea78 is pointing into the stack for thread: 0x000000000ca98800
RBP=0x000000000da18650 is an unknown value
RSI=0x000000000d9fb680 is an unknown value
RDI=0x000000000d9fb680 is an unknown value
R8 =0x000000000d9fb680 is an unknown value
R9 =0x000000000da288b0 is an unknown value
R10=0x0000000002992ac4 is at code_begin+644 in an Interpreter codelet
method entry point (kind = native)  [0x0000000002992840, 0x00000000029930e0]  2208 bytes
R11=0x000000006f9ff900 is an unknown value
R12=0x0000000000000000 is an unknown value
R13=0x000000077b4351d0 is an oop
{method} 
 - klass: {other class}
R14=0x000000000e0cec60 is pointing into the stack for thread: 0x000000000ca98800
R15=0x000000000ca98800 is a thread


Stack: [0x000000000dfd0000,0x000000000e0d0000],  sp=0x000000000e0cea78,  free space=1018k
Java frames: (J=compiled Java code, j=interpreted, Vv=VM code)
j  com.badlogic.gdx.physics.box2d.World.jniDestroyJoint(JJ)V+0
j  com.badlogic.gdx.physics.box2d.World.destroyJoint(Lcom/badlogic/gdx/physics/box2d/Joint;)V+64
j  ecs.subsystems.RemovalSystem.update(Lecs/Entity;Lverberg/com/shmup/INTENT;)V+291
j  verberg.com.shmup.RemoveMessage.submitMessage()V+11
J  verberg.com.shmup.MessageManager.update()V
J  verberg.com.shmup.Game.render()V
J  com.badlogic.gdx.backends.lwjgl.LwjglApplication.mainLoop()V
j  com.badlogic.gdx.backends.lwjgl.LwjglApplication$1.run()V+27
v  ~StubRoutines::call_stub

---------------  P R O C E S S  ---------------

Java Threads: ( => current thread )
  0x000000000c815800 JavaThread "LWJGL Timer" daemon [_thread_blocked, id=3456, stack(0x0000000012250000,0x0000000012350000)]
  0x00000000027d4000 JavaThread "DestroyJavaVM" [_thread_blocked, id=4672, stack(0x0000000002690000,0x0000000002790000)]
=>0x000000000ca98800 JavaThread "LWJGL Application" [_thread_in_native, id=828, stack(0x000000000dfd0000,0x000000000e0d0000)]
  0x000000000c7fd800 JavaThread "Monitor Ctrl-Break" daemon [_thread_in_native, id=2448, stack(0x000000000cad0000,0x000000000cbd0000)]
  0x000000000ad74000 JavaThread "Service Thread" daemon [_thread_blocked, id=7132, stack(0x000000000c4d0000,0x000000000c5d0000)]
  0x000000000ad6f000 JavaThread "C2 CompilerThread1" daemon [_thread_blocked, id=1168, stack(0x000000000c3d0000,0x000000000c4d0000)]
  0x00000000028ce000 JavaThread "C2 CompilerThread0" daemon [_thread_blocked, id=7016, stack(0x000000000c2d0000,0x000000000c3d0000)]
  0x000000000ad68000 JavaThread "Attach Listener" daemon [_thread_blocked, id=5668, stack(0x000000000c1d0000,0x000000000c2d0000)]
  0x00000000028cd000 JavaThread "Signal Dispatcher" daemon [_thread_blocked, id=4900, stack(0x000000000c0d0000,0x000000000c1d0000)]
  0x00000000028bc800 JavaThread "Finalizer" daemon [_thread_blocked, id=756, stack(0x000000000bfd0000,0x000000000c0d0000)]
  0x000000000ad43000 JavaThread "Reference Handler" daemon [_thread_blocked, id=696, stack(0x000000000bed0000,0x000000000bfd0000)]

Other Threads:
  0x000000000ad41800 VMThread [stack: 0x000000000bdd0000,0x000000000bed0000] [id=7084]
  0x000000000adc0800 WatcherThread [stack: 0x000000000c5d0000,0x000000000c6d0000] [id=6176]

VM state:not at safepoint (normal execution)

VM Mutex/Monitor currently owned by a thread: None

Heap
 PSYoungGen      total 38912K, used 27631K [0x00000007d5500000, 0x00000007d8000000, 0x0000000800000000)
  eden space 33792K, 71% used [0x00000007d5500000,0x00000007d6c91d90,0x00000007d7600000)
  from space 5120K, 68% used [0x00000007d7600000,0x00000007d796a088,0x00000007d7b00000)
  to   space 5120K, 0% used [0x00000007d7b00000,0x00000007d7b00000,0x00000007d8000000)
 ParOldGen       total 87040K, used 8K [0x0000000780000000, 0x0000000785500000, 0x00000007d5500000)
  object space 87040K, 0% used [0x0000000780000000,0x0000000780002000,0x0000000785500000)
 PSPermGen       total 21504K, used 7349K [0x000000077ae00000, 0x000000077c300000, 0x0000000780000000)
  object space 21504K, 34% used [0x000000077ae00000,0x000000077b52d758,0x000000077c300000)

Card table byte_map: [0x0000000005a40000,0x0000000005e70000] byte_map_base: 0x0000000001e69000

Polling page: 0x0000000002790000

Code Cache  [0x0000000002980000, 0x0000000002bf0000, 0x0000000005980000)
 total_blobs=884 nmethods=457 adapters=380 free_code_cache=47678Kb largest_free_block=48788992

Compilation events (10 events):
Event: 308.622 Thread 0x000000000ad6f000  458             com.badlogic.gdx.physics.box2d.World::beginContact (29 bytes)
Event: 308.623 Thread 0x000000000ad6f000 nmethod 458 0x0000000002add550 code [0x0000000002add6a0, 0x0000000002add788]
Event: 308.789 Thread 0x00000000028ce000  459             com.badlogic.gdx.physics.box2d.World::endContact (29 bytes)
Event: 308.789 Thread 0x00000000028ce000 nmethod 459 0x0000000002add250 code [0x0000000002add3a0, 0x0000000002add458]
Event: 324.555 Thread 0x000000000ad6f000  460             java.util.HashMap::put (142 bytes)
Event: 324.563 Thread 0x000000000ad6f000 nmethod 460 0x0000000002ae1f50 code [0x0000000002ae2140, 0x0000000002ae27f0]
Event: 358.205 Thread 0x00000000028ce000  461             gameObjects.GradualHealPowerUp::update (107 bytes)
Event: 358.209 Thread 0x00000000028ce000 nmethod 461 0x0000000002af7f10 code [0x0000000002af80e0, 0x0000000002af84e0]
Event: 367.422 Thread 0x000000000ad6f000  462             java.lang.AbstractStringBuilder::expandCapacity (50 bytes)
Event: 367.424 Thread 0x000000000ad6f000 nmethod 462 0x0000000002ae1a50 code [0x0000000002ae1ba0, 0x0000000002ae1e18]

GC Heap History (2 events):
Event: 150.322 GC heap before
{Heap before GC invocations=1 (full 0):
 PSYoungGen      total 38912K, used 33792K [0x00000007d5500000, 0x00000007d8000000, 0x0000000800000000)
  eden space 33792K, 100% used [0x00000007d5500000,0x00000007d7600000,0x00000007d7600000)
  from space 5120K, 0% used [0x00000007d7b00000,0x00000007d7b00000,0x00000007d8000000)
  to   space 5120K, 0% used [0x00000007d7600000,0x00000007d7600000,0x00000007d7b00000)
 ParOldGen       total 87040K, used 0K [0x0000000780000000, 0x0000000785500000, 0x00000007d5500000)
  object space 87040K, 0% used [0x0000000780000000,0x0000000780000000,0x0000000785500000)
 PSPermGen       total 21504K, used 7339K [0x000000077ae00000, 0x000000077c300000, 0x0000000780000000)
  object space 21504K, 34% used [0x000000077ae00000,0x000000077b52af90,0x000000077c300000)
Event: 150.330 GC heap after
Heap after GC invocations=1 (full 0):
 PSYoungGen      total 38912K, used 3496K [0x00000007d5500000, 0x00000007d8000000, 0x0000000800000000)
  eden space 33792K, 0% used [0x00000007d5500000,0x00000007d5500000,0x00000007d7600000)
  from space 5120K, 68% used [0x00000007d7600000,0x00000007d796a088,0x00000007d7b00000)
  to   space 5120K, 0% used [0x00000007d7b00000,0x00000007d7b00000,0x00000007d8000000)
 ParOldGen       total 87040K, used 8K [0x0000000780000000, 0x0000000785500000, 0x00000007d5500000)
  object space 87040K, 0% used [0x0000000780000000,0x0000000780002000,0x0000000785500000)
 PSPermGen       total 21504K, used 7339K [0x000000077ae00000, 0x000000077c300000, 0x0000000780000000)
  object space 21504K, 34% used [0x000000077ae00000,0x000000077b52af90,0x000000077c300000)
}

Deoptimization events (9 events):
Event: 4.890 Thread 0x000000000ca98800 Uncommon trap: reason=unreached action=reinterpret pc=0x0000000002a22060 method=java.util.HashMap.get(Ljava/lang/Object;)Ljava/lang/Object; @ 17
Event: 4.890 Thread 0x000000000ca98800 Uncommon trap: reason=unreached action=reinterpret pc=0x0000000002a45d60 method=java.util.ArrayList.ensureCapacityInternal(I)V @ 7
Event: 4.891 Thread 0x000000000ca98800 Uncommon trap: reason=unreached action=reinterpret pc=0x0000000002a46410 method=java.util.ArrayList.ensureCapacityInternal(I)V @ 7
Event: 4.892 Thread 0x000000000ca98800 Uncommon trap: reason=unreached action=reinterpret pc=0x0000000002a4cee8 method=verberg.com.shmup.MessageManager.update()V @ 36
Event: 18.372 Thread 0x000000000ca98800 Uncommon trap: reason=unloaded action=reinterpret pc=0x0000000002a5b320 method=AI.AI.generateIntents(Lecs/Entity;)V @ 104
Event: 121.955 Thread 0x000000000ca98800 Uncommon trap: reason=unloaded action=reinterpret pc=0x0000000002a70c00 method=AI.AI.generateIntents(Lecs/Entity;)V @ 357
Event: 171.305 Thread 0x000000000ca98800 Uncommon trap: reason=unreached action=reinterpret pc=0x0000000002a7a100 method=Input.MyInputAdapter.generateIntents(Lecs/Entity;)V @ 26
Event: 171.305 Thread 0x000000000ca98800 Uncommon trap: reason=unreached action=reinterpret pc=0x0000000002a8b340 method=ecs.subsystems.WeaponSystem.update(Lecs/Entity;)V @ 26
Event: 290.188 Thread 0x000000000ca98800 Uncommon trap: reason=unreached action=reinterpret pc=0x0000000002a5aa80 method=gameObjects.GradualHealPowerUp.update()V @ 80

Internal exceptions (10 events):
Event: 0.899 Thread 0x000000000ca98800 Threw 0x00000007d6383fd0 at C:\re\jdk7u45\229\hotspot\src\share\vm\prims\jvm.cpp:1244
Event: 0.899 Thread 0x000000000ca98800 Threw 0x00000007d6389968 at C:\re\jdk7u45\229\hotspot\src\share\vm\prims\jvm.cpp:1244
Event: 0.900 Thread 0x000000000ca98800 Threw 0x00000007d638f5e0 at C:\re\jdk7u45\229\hotspot\src\share\vm\prims\jvm.cpp:1244
Event: 0.903 Thread 0x000000000ca98800 Threw 0x00000007d6397c30 at C:\re\jdk7u45\229\hotspot\src\share\vm\prims\jvm.cpp:1244
Event: 0.904 Thread 0x000000000ca98800 Threw 0x00000007d639d6e0 at C:\re\jdk7u45\229\hotspot\src\share\vm\prims\jvm.cpp:1244
Event: 0.905 Thread 0x000000000ca98800 Threw 0x00000007d63a34d0 at C:\re\jdk7u45\229\hotspot\src\share\vm\prims\jvm.cpp:1244
Event: 1.422 Thread 0x000000000ca98800 Threw 0x00000007d63c2778 at C:\re\jdk7u45\229\hotspot\src\share\vm\prims\jvm.cpp:1244
Event: 4.889 Thread 0x000000000ca98800 Threw 0x00000007d647b8a8 at C:\re\jdk7u45\229\hotspot\src\share\vm\prims\jvm.cpp:1244
Event: 4.890 Thread 0x000000000ca98800 Threw 0x00000007d6488768 at C:\re\jdk7u45\229\hotspot\src\share\vm\prims\jvm.cpp:1244
Event: 4.890 Thread 0x000000000ca98800 Implicit null exception at 0x0000000002a22018 to 0x0000000002a22052

Events (10 events):
Event: 150.335 Executing VM operation: RevokeBias done
Event: 171.305 Thread 0x000000000ca98800 Uncommon trap: trap_request=0xffffffad fr.pc=0x0000000002a7a100
Event: 171.305 Thread 0x000000000ca98800 DEOPT PACKING pc=0x0000000002a7a100 sp=0x000000000e0ced50
Event: 171.305 Thread 0x000000000ca98800 DEOPT UNPACKING pc=0x00000000029b9064 sp=0x000000000e0cece8 mode 2
Event: 171.305 Thread 0x000000000ca98800 Uncommon trap: trap_request=0xffffffad fr.pc=0x0000000002a8b340
Event: 171.305 Thread 0x000000000ca98800 DEOPT PACKING pc=0x0000000002a8b340 sp=0x000000000e0cec80
Event: 171.305 Thread 0x000000000ca98800 DEOPT UNPACKING pc=0x00000000029b9064 sp=0x000000000e0cec30 mode 2
Event: 290.188 Thread 0x000000000ca98800 Uncommon trap: trap_request=0xffffffad fr.pc=0x0000000002a5aa80
Event: 290.188 Thread 0x000000000ca98800 DEOPT PACKING pc=0x0000000002a5aa80 sp=0x000000000e0cede0
Event: 290.188 Thread 0x000000000ca98800 DEOPT UNPACKING pc=0x00000000029b9064 sp=0x000000000e0ced98 mode 2


Dynamic libraries:
0x00007ff61a430000 - 0x00007ff61a463000 	C:\Program Files\Java\jdk1.7.0_45\bin\java.exe
0x00007ffcbda00000 - 0x00007ffcbdbc1000 	C:\WINDOWS\SYSTEM32\ntdll.dll
0x00007ffcbc810000 - 0x00007ffcbc8bd000 	C:\WINDOWS\system32\KERNEL32.DLL
0x00007ffcbab40000 - 0x00007ffcbad1d000 	C:\WINDOWS\system32\KERNELBASE.dll
0x00007ffcbd6a0000 - 0x00007ffcbd746000 	C:\WINDOWS\system32\ADVAPI32.dll
0x00007ffcbcb30000 - 0x00007ffcbcbcd000 	C:\WINDOWS\system32\msvcrt.dll
0x00007ffcbcf30000 - 0x00007ffcbcf8b000 	C:\WINDOWS\system32\sechost.dll
0x00007ffcbc9a0000 - 0x00007ffcbcac6000 	C:\WINDOWS\system32\RPCRT4.dll
0x00007ffcbd540000 - 0x00007ffcbd68e000 	C:\WINDOWS\system32\USER32.dll
0x00007ffcbd870000 - 0x00007ffcbd9f6000 	C:\WINDOWS\system32\GDI32.dll
0x00007ffcb5840000 - 0x00007ffcb5ab4000 	C:\WINDOWS\WinSxS\amd64_microsoft.windows.common-controls_6595b64144ccf1df_6.0.10240.16384_none_f41f7b285750ef43\COMCTL32.dll
0x00007ffcbce30000 - 0x00007ffcbce66000 	C:\WINDOWS\system32\IMM32.DLL
0x00007ffcbcf90000 - 0x00007ffcbd0ec000 	C:\WINDOWS\system32\MSCTF.dll
0x000000006f390000 - 0x000000006f462000 	C:\Program Files\Java\jdk1.7.0_45\jre\bin\msvcr100.dll
0x000000006f820000 - 0x000000006ffe9000 	C:\Program Files\Java\jdk1.7.0_45\jre\bin\server\jvm.dll
0x00007ffcbd750000 - 0x00007ffcbd758000 	C:\WINDOWS\system32\PSAPI.DLL
0x00007ffcaf930000 - 0x00007ffcaf939000 	C:\WINDOWS\SYSTEM32\WSOCK32.dll
0x00007ffcb8670000 - 0x00007ffcb8693000 	C:\WINDOWS\SYSTEM32\WINMM.dll
0x00007ffcbd0f0000 - 0x00007ffcbd159000 	C:\WINDOWS\system32\WS2_32.dll
0x00007ffcbd3e0000 - 0x00007ffcbd3e8000 	C:\WINDOWS\system32\NSI.dll
0x00007ffcb8610000 - 0x00007ffcb863c000 	C:\WINDOWS\SYSTEM32\WINMMBASE.dll
0x00007ffcbaef0000 - 0x00007ffcbaf34000 	C:\WINDOWS\system32\cfgmgr32.dll
0x00007ffcba0b0000 - 0x00007ffcba0d7000 	C:\WINDOWS\SYSTEM32\DEVOBJ.dll
0x000000006f810000 - 0x000000006f81f000 	C:\Program Files\Java\jdk1.7.0_45\jre\bin\verify.dll
0x000000006f7e0000 - 0x000000006f808000 	C:\Program Files\Java\jdk1.7.0_45\jre\bin\java.dll
0x000000006f7c0000 - 0x000000006f7d5000 	C:\Program Files\Java\jdk1.7.0_45\jre\bin\zip.dll
0x00007ffcb1730000 - 0x00007ffcb173f000 	D:\Programs\Android Studio\bin\breakgen64.dll
0x000000006f7a0000 - 0x000000006f7b9000 	C:\Program Files\Java\jdk1.7.0_45\jre\bin\net.dll
0x00007ffcb9910000 - 0x00007ffcb996d000 	C:\WINDOWS\system32\mswsock.dll
0x0000000065580000 - 0x0000000065616000 	C:\Users\Orion\AppData\Local\Temp\libgdxOrion\12247155\gdx64.dll
0x00007ffcb9970000 - 0x00007ffcb9987000 	C:\WINDOWS\SYSTEM32\CRYPTSP.dll
0x00007ffcba1e0000 - 0x00007ffcba208000 	C:\WINDOWS\SYSTEM32\bcrypt.dll
0x00007ffcb95c0000 - 0x00007ffcb95f3000 	C:\WINDOWS\system32\rsaenh.dll
0x00007ffcb96b0000 - 0x00007ffcb96cf000 	C:\WINDOWS\SYSTEM32\USERENV.dll
0x00007ffcba410000 - 0x00007ffcba423000 	C:\WINDOWS\system32\profapi.dll
0x00007ffcba260000 - 0x00007ffcba2cb000 	C:\WINDOWS\system32\bcryptprimitives.dll
0x00007ffcb9b00000 - 0x00007ffcb9b0b000 	C:\WINDOWS\SYSTEM32\CRYPTBASE.dll
0x00007ffcb79a0000 - 0x00007ffcb79b8000 	C:\WINDOWS\system32\NLAapi.dll
0x00007ffca52d0000 - 0x00007ffca52e5000 	C:\WINDOWS\system32\napinsp.dll
0x00007ffca52b0000 - 0x00007ffca52ca000 	C:\WINDOWS\system32\pnrpnsp.dll
0x00007ffcb9710000 - 0x00007ffcb97b8000 	C:\WINDOWS\SYSTEM32\DNSAPI.dll
0x00007ffca3cf0000 - 0x00007ffca3cfd000 	C:\WINDOWS\System32\winrnr.dll
0x00007ffcaf670000 - 0x00007ffcaf67a000 	C:\Windows\System32\rasadhlp.dll
0x00007ffcb6400000 - 0x00007ffcb6438000 	C:\WINDOWS\SYSTEM32\IPHLPAPI.DLL
0x00007ffcb6280000 - 0x00007ffcb628b000 	C:\WINDOWS\SYSTEM32\WINNSI.DLL
0x00007ffcb39f0000 - 0x00007ffcb3a58000 	C:\WINDOWS\System32\fwpuclnt.dll
0x000000006f780000 - 0x000000006f791000 	C:\Program Files\Java\jdk1.7.0_45\jre\bin\nio.dll
0x0000000180000000 - 0x0000000180053000 	C:\Users\Orion\AppData\Local\Temp\libgdxOrion\dc0f0009\lwjgl64.dll
0x00007ffca6180000 - 0x00007ffca62a8000 	C:\WINDOWS\SYSTEM32\OPENGL32.dll
0x00007ffcb7a80000 - 0x00007ffcb7a8a000 	C:\WINDOWS\SYSTEM32\VERSION.dll
0x00007ffca5ed0000 - 0x00007ffca5fc6000 	C:\WINDOWS\SYSTEM32\DDRAW.dll
0x00007ffcadbd0000 - 0x00007ffcadbfe000 	C:\WINDOWS\SYSTEM32\GLU32.dll
0x00007ffcafef0000 - 0x00007ffcafef8000 	C:\WINDOWS\SYSTEM32\DCIMAN32.dll
0x000000000d770000 - 0x000000000d7d4000 	C:\Users\Orion\AppData\Local\Temp\libgdxOrion\dc0f0009\OpenAL64.dll
0x00007ffcbb130000 - 0x00007ffcbc652000 	C:\WINDOWS\system32\SHELL32.dll
0x00007ffcba510000 - 0x00007ffcbab38000 	C:\WINDOWS\system32\windows.storage.dll
0x00007ffcbd160000 - 0x00007ffcbd3dc000 	C:\WINDOWS\system32\combase.dll
0x00007ffcbcad0000 - 0x00007ffcbcb21000 	C:\WINDOWS\system32\shlwapi.dll
0x00007ffcba4a0000 - 0x00007ffcba4af000 	C:\WINDOWS\system32\kernel.appcore.dll
0x00007ffcbaf40000 - 0x00007ffcbaff3000 	C:\WINDOWS\system32\shcore.dll
0x00007ffcba430000 - 0x00007ffcba47a000 	C:\WINDOWS\system32\powrprof.dll
0x00007ffcbd3f0000 - 0x00007ffcbd531000 	C:\WINDOWS\system32\ole32.dll
0x00007ffcb8a00000 - 0x00007ffcb8a96000 	C:\WINDOWS\system32\uxtheme.dll
0x00007ffcbd7c0000 - 0x00007ffcbd865000 	C:\WINDOWS\system32\clbcatq.dll
0x00007ffcb7ef0000 - 0x00007ffcb8073000 	C:\WINDOWS\System32\PROPSYS.dll
0x00007ffcbce70000 - 0x00007ffcbcf2e000 	C:\WINDOWS\system32\OLEAUT32.dll
0x00007ffca4f40000 - 0x00007ffca4fdc000 	C:\WINDOWS\SYSTEM32\dsound.dll
0x00007ffcb3e20000 - 0x00007ffcb3e92000 	C:\WINDOWS\System32\MMDevApi.dll
0x00007ffcb1b80000 - 0x00007ffcb1c05000 	C:\WINDOWS\SYSTEM32\AUDIOSES.DLL
0x00007ffcb4530000 - 0x00007ffcb4661000 	C:\WINDOWS\SYSTEM32\wintypes.dll
0x00007ffcb7d40000 - 0x00007ffcb7d62000 	C:\WINDOWS\system32\dwmapi.dll
0x000000006de10000 - 0x000000006f38e000 	C:\WINDOWS\SYSTEM32\nvoglv64.DLL
0x00007ffcbcc60000 - 0x00007ffcbce25000 	C:\WINDOWS\system32\SETUPAPI.dll
0x00007ffcb8080000 - 0x00007ffcb8093000 	C:\WINDOWS\SYSTEM32\WTSAPI32.dll
0x00007ffcb9440000 - 0x00007ffcb9472000 	C:\WINDOWS\SYSTEM32\ntmarta.dll
0x00007ffcba180000 - 0x00007ffcba1d8000 	C:\WINDOWS\SYSTEM32\WINSTA.dll
0x00007ffcb57a0000 - 0x00007ffcb5831000 	C:\WINDOWS\SYSTEM32\mscms.dll
0x00007ffca5d20000 - 0x00007ffca5d62000 	C:\WINDOWS\SYSTEM32\icm32.dll
0x0000000066bc0000 - 0x0000000066c7b000 	C:\Users\Orion\AppData\Local\Temp\libgdxOrion\5da62973\gdx-box2d64.dll
0x00007ffca07a0000 - 0x00007ffca092a000 	C:\WINDOWS\SYSTEM32\dbghelp.dll

VM Arguments:
jvm_args: -Didea.launcher.port=7563 -Didea.launcher.bin.path=D:\Programs\Android Studio\bin -Dfile.encoding=UTF-8 
java_command: com.intellij.rt.execution.application.AppMain verberg.com.shmup.desktop.DesktopLauncher
Launcher Type: SUN_STANDARD

Environment Variables:
PATH=C:\Program Files\Common Files\Microsoft Shared\Windows Live;C:\Program Files (x86)\Common Files\Microsoft Shared\Windows Live;C:\Program Files\Java\jdk1.7.0_07\bin;C:\Program Files (x86)\AMD APP\bin\x86_64;C:\Program Files (x86)\AMD APP\bin\x86;C:\WINDOWS\system32;C:\WINDOWS;C:\WINDOWS\System32\Wbem;C:\WINDOWS\System32\WindowsPowerShell\v1.0\;C:\Program Files (x86)\ATI Technologies\ATI.ACE\Core-Static;C:\Program Files\Microsoft SQL Server\100\DTS\Binn\;C:\Program Files (x86)\Windows Live\Shared;C:\Program Files (x86)\Git\cmd;C:\Program Files\Perforce;C:\Program Files\Microsoft SQL Server\110\Tools\Binn\;C:\Program Files (x86)\nodejs\;C:\Program Files (x86)\NVIDIA Corporation\PhysX\Common;C:\Program Files (x86)\GtkSharp\2.12\bin;C:\Cocos\frameworks\cocos2d-x-3.8\tools\cocos2d-console\bin;C:\Program Files\Common Files\Microsoft Shared\Windows Live;C:\Program Files (x86)\Common Files\Microsoft Shared\Windows Live;C:\Program Files\Java\jdk1.7.0_07\bin;C:\Program Files (x86)\AMD APP\bin\x86_64;C:\Program Files (x86)\AMD APP\bin\x86;C:\Windows\system32;C:\Windows;C:\Windows\System32\Wbem;C:\Windows\System32\WindowsPowerShell\v1.0\;C:\Program Files (x86)\ATI Technologies\ATI.ACE\Core-Static;C:\Program Files\Microsoft SQL Server\100\DTS\Binn\;C:\Program Files (x86)\Windows Live\Shared;C:\Program Files (x86)\Git\cmd;C:\Program Files\Perforce;C:\Program Files\Microsoft SQL Server\110\Tools\Binn\;D:\Android\sdk\platform-tools;C:\Program Files\Java\jdk1.7.0_45\bin;C:\Users\Orion\AppData\Roaming\npm;C:\Cocos\tools\Python27
USERNAME=Orion
OS=Windows_NT
PROCESSOR_IDENTIFIER=AMD64 Family 16 Model 4 Stepping 3, AuthenticAMD



---------------  S Y S T E M  ---------------

OS: Windows 8 , 64 bit Build 9200 

CPU:total 4 (4 cores per cpu, 1 threads per core) family 16 model 4 stepping 3, cmov, cx8, fxsr, mmx, sse, sse2, sse3, popcnt, mmxext, 3dnowpref, lzcnt, sse4a, tsc, tscinvbit, tscinv

Memory: 4k page, physical 8387812k(4503048k free), swap 16776420k(11713876k free)

vm_info: Java HotSpot(TM) 64-Bit Server VM (24.45-b08) for windows-amd64 JRE (1.7.0_45-b18), built on Oct  8 2013 05:47:22 by "java_re" with unknown MS VC++:1600

time: Tue Dec 01 21:24:31 2015
elapsed time: 370 seconds

