#
# A fatal error has been detected by the Java Runtime Environment:
#
#  EXCEPTION_ACCESS_VIOLATION (0xc0000005) at pc=0x0000000000000000, pid=3272, tid=4600
#
# JRE version: Java(TM) SE Runtime Environment (7.0_45-b18) (build 1.7.0_45-b18)
# Java VM: Java HotSpot(TM) 64-Bit Server VM (24.45-b08 mixed mode windows-amd64 compressed oops)
# Problematic frame:
# C  0x0000000000000000
#
# Failed to write core dump. Minidumps are not enabled by default on client versions of Windows
#
# If you would like to submit a bug report, please visit:
#   http://bugreport.sun.com/bugreport/crash.jsp
# The crash happened outside the Java Virtual Machine in native code.
# See problematic frame for where to report the bug.
#

---------------  T H R E A D  ---------------

Current thread (0x000000000c25a800):  JavaThread "LWJGL Application" [_thread_in_native, id=4600, stack(0x000000000dc80000,0x000000000dd80000)]

siginfo: ExceptionCode=0xc0000005, ExceptionInformation=0x0000000000000008 0x0000000000000000

Registers:
RAX=0x000000000d6c9510, RBX=0x000000000d6c7c10, RCX=0x000000000d6c7c10, RDX=0x000000000d69b7a0
RSP=0x000000000dd7ed48, RBP=0x000000000d6b85f0, RSI=0x000000000d69b7a0, RDI=0x000000000d69b7a0
R8 =0x000000000d69b7a0, R9 =0x000000000d6c7c10, R10=0x00000000023e937d, R11=0x000000006834f900
R12=0x0000000000000000, R13=0x000000077b424140, R14=0x000000000dd7ef30, R15=0x000000000c25a800
RIP=0x0000000000000000, EFLAGS=0x0000000000010206

Top of Stack: (sp=0x000000000dd7ed48)
0x000000000dd7ed48:   0000000010e843f2 0000000000000000
0x000000000dd7ed58:   00000000681ef7bf 000000000c25a800
0x000000000dd7ed68:   000000000c835610 000000000c25a800
0x000000000dd7ed78:   000000000d6c7c10 000000000d6b8530
0x000000000dd7ed88:   0000000010e92743 000000000c0f3958
0x000000000dd7ed98:   00000000000003d8 000000000dd7f5b8
0x000000000dd7eda8:   000000077b0b6b02 000000000d69b7a0
0x000000000dd7edb8:   000000000d6c7c10 000000077b4cd0a0
0x000000000dd7edc8:   000000000dd7eef0 0000000000000000
0x000000000dd7edd8:   0000000010e9903d 000000000c25a800
0x000000000dd7ede8:   000000006820cd5b 000000000c25a800
0x000000000dd7edf8:   000000000000000d 0000000010ecc830
0x000000000dd7ee08:   000000000c25a9e8 000000000dd7ef30
0x000000000dd7ee18:   00000000023e8f26 0000000010ecc8b0
0x000000000dd7ee28:   000000000c25a9e8 000000000dd7ef30
0x000000000dd7ee38:   000000000dd7eeb0 000000000dd7eeb0 

Instructions: (pc=0x0000000000000000)
0xffffffffffffffe0:   


Register to memory mapping:

RAX=0x000000000d6c9510 is an unknown value
RBX=0x000000000d6c7c10 is an unknown value
RCX=0x000000000d6c7c10 is an unknown value
RDX=0x000000000d69b7a0 is an unknown value
RSP=0x000000000dd7ed48 is pointing into the stack for thread: 0x000000000c25a800
RBP=0x000000000d6b85f0 is an unknown value
RSI=0x000000000d69b7a0 is an unknown value
RDI=0x000000000d69b7a0 is an unknown value
R8 =0x000000000d69b7a0 is an unknown value
R9 =0x000000000d6c7c10 is an unknown value
R10=0x00000000023e937d is at code_begin+1277 in an Interpreter codelet
method entry point (kind = native)  [0x00000000023e8e80, 0x00000000023e9d40]  3776 bytes
R11=0x000000006834f900 is an unknown value
R12=0x0000000000000000 is an unknown value
R13=0x000000077b424140 is an oop
{method} 
 - klass: {other class}
R14=0x000000000dd7ef30 is pointing into the stack for thread: 0x000000000c25a800
R15=0x000000000c25a800 is a thread


Stack: [0x000000000dc80000,0x000000000dd80000],  sp=0x000000000dd7ed48,  free space=1019k
Java frames: (J=compiled Java code, j=interpreted, Vv=VM code)
j  com.badlogic.gdx.physics.box2d.World.jniDestroyJoint(JJ)V+0
j  com.badlogic.gdx.physics.box2d.World.destroyJoint(Lcom/badlogic/gdx/physics/box2d/Joint;)V+64
j  ecs.components.JointComponent.dispose()V+14
j  ecs.Entity.removeAllComponents()V+41
j  verberg.com.shmup.Game.removeEntityTree(Lecs/Entity;)V+54
j  verberg.com.shmup.Game.removeEntityTree(Lecs/Entity;)V+47
j  ecs.subsystems.RemovalSystem.update(Lecs/Entity;Lverberg/com/shmup/INTENT;)V+113
j  verberg.com.shmup.RemoveMessage.submitMessage()V+11
j  verberg.com.shmup.MessageManager.update()V+27
j  verberg.com.shmup.Game.update()V+40
j  verberg.com.shmup.Game.render()V+1
j  com.badlogic.gdx.backends.lwjgl.LwjglApplication.mainLoop()V+684
j  com.badlogic.gdx.backends.lwjgl.LwjglApplication$1.run()V+27
v  ~StubRoutines::call_stub

---------------  P R O C E S S  ---------------

Java Threads: ( => current thread )
  0x000000000c906000 JavaThread "LWJGL Timer" daemon [_thread_blocked, id=8780, stack(0x0000000010f30000,0x0000000011030000)]
  0x00000000022d4800 JavaThread "DestroyJavaVM" [_thread_blocked, id=5228, stack(0x0000000002050000,0x0000000002150000)]
=>0x000000000c25a800 JavaThread "LWJGL Application" [_thread_in_native, id=4600, stack(0x000000000dc80000,0x000000000dd80000)]
  0x000000000c0b6800 JavaThread "Service Thread" daemon [_thread_blocked, id=6168, stack(0x000000000c630000,0x000000000c730000)]
  0x000000000c095800 JavaThread "C2 CompilerThread1" daemon [_thread_blocked, id=2128, stack(0x000000000c530000,0x000000000c630000)]
  0x000000000c094800 JavaThread "C2 CompilerThread0" daemon [_thread_blocked, id=8140, stack(0x000000000c430000,0x000000000c530000)]
  0x000000000a7d3000 JavaThread "JDWP Command Reader" daemon [_thread_in_native, id=7580, stack(0x000000000bf30000,0x000000000c030000)]
  0x000000000a7d0000 JavaThread "JDWP Event Helper Thread" daemon [_thread_blocked, id=6952, stack(0x000000000be30000,0x000000000bf30000)]
  0x000000000a7cc000 JavaThread "JDWP Transport Listener: dt_socket" daemon [_thread_blocked, id=9848, stack(0x000000000bd30000,0x000000000be30000)]
  0x000000000a7b6800 JavaThread "Attach Listener" daemon [_thread_blocked, id=1784, stack(0x000000000bc30000,0x000000000bd30000)]
  0x000000000a7b3800 JavaThread "Signal Dispatcher" daemon [_thread_blocked, id=1756, stack(0x000000000bb30000,0x000000000bc30000)]
  0x000000000a782000 JavaThread "Finalizer" daemon [_thread_blocked, id=9072, stack(0x000000000ba30000,0x000000000bb30000)]
  0x000000000a777000 JavaThread "Reference Handler" daemon [_thread_blocked, id=9408, stack(0x000000000b930000,0x000000000ba30000)]

Other Threads:
  0x000000000a774800 VMThread [stack: 0x000000000b830000,0x000000000b930000] [id=8288]
  0x000000000c0ef800 WatcherThread [stack: 0x000000000c730000,0x000000000c830000] [id=3552]

VM state:not at safepoint (normal execution)

VM Mutex/Monitor currently owned by a thread: None

Heap
 PSYoungGen      total 38912K, used 18566K [0x00000007d5500000, 0x00000007d8000000, 0x0000000800000000)
  eden space 33792K, 54% used [0x00000007d5500000,0x00000007d6721870,0x00000007d7600000)
  from space 5120K, 0% used [0x00000007d7b00000,0x00000007d7b00000,0x00000007d8000000)
  to   space 5120K, 0% used [0x00000007d7600000,0x00000007d7600000,0x00000007d7b00000)
 ParOldGen       total 87040K, used 0K [0x0000000780000000, 0x0000000785500000, 0x00000007d5500000)
  object space 87040K, 0% used [0x0000000780000000,0x0000000780000000,0x0000000785500000)
 PSPermGen       total 21504K, used 7031K [0x000000077ae00000, 0x000000077c300000, 0x0000000780000000)
  object space 21504K, 32% used [0x000000077ae00000,0x000000077b4ddfa0,0x000000077c300000)

Card table byte_map: [0x0000000005490000,0x00000000058c0000] byte_map_base: 0x00000000018b9000

Polling page: 0x0000000000860000

Code Cache  [0x00000000023d0000, 0x0000000002640000, 0x00000000053d0000)
 total_blobs=512 nmethods=101 adapters=372 free_code_cache=48370Kb largest_free_block=49513536

Compilation events (10 events):
Event: 2.943 Thread 0x000000000c095800   95             com.badlogic.gdx.physics.box2d.World::getBodies (47 bytes)
Event: 2.943 Thread 0x000000000c094800   96             com.badlogic.gdx.graphics.Color::clamp (126 bytes)
Event: 2.944 Thread 0x000000000c094800 nmethod 96 0x000000000248b810 code [0x000000000248b980, 0x000000000248ba78]
Event: 2.953 Thread 0x000000000c095800 nmethod 95 0x000000000248e4d0 code [0x000000000248e6a0, 0x000000000248edf0]
Event: 3.142 Thread 0x000000000c094800   98             com.badlogic.gdx.physics.box2d.Body::getLinearVelocity (43 bytes)
Event: 3.143 Thread 0x000000000c094800 nmethod 98 0x00000000024744d0 code [0x0000000002474620, 0x0000000002474788]
Event: 3.158 Thread 0x000000000c095800  100             java.nio.Buffer::checkIndex (22 bytes)
Event: 3.159 Thread 0x000000000c095800 nmethod 100 0x0000000002496490 code [0x00000000024965c0, 0x0000000002496638]
Event: 91.068 Thread 0x000000000c094800  101             java.lang.String::getChars (62 bytes)
Event: 91.070 Thread 0x000000000c094800 nmethod 101 0x0000000002473f10 code [0x0000000002474060, 0x0000000002474298]

GC Heap History (0 events):
No events

Deoptimization events (1 events):
Event: 3.177 Thread 0x000000000c25a800 Uncommon trap: reason=unreached action=reinterpret pc=0x0000000002479c58 method=java.util.HashMap.get(Ljava/lang/Object;)Ljava/lang/Object; @ 17

Internal exceptions (10 events):
Event: 1.033 Thread 0x000000000c25a800 Threw 0x00000007d6570dc8 at C:\re\jdk7u45\229\hotspot\src\share\vm\prims\jvm.cpp:1244
Event: 1.035 Thread 0x000000000c25a800 Threw 0x00000007d657b5c0 at C:\re\jdk7u45\229\hotspot\src\share\vm\prims\jvm.cpp:1244
Event: 1.036 Thread 0x000000000c25a800 Threw 0x00000007d6581ad0 at C:\re\jdk7u45\229\hotspot\src\share\vm\prims\jvm.cpp:1244
Event: 1.037 Thread 0x000000000c25a800 Threw 0x00000007d6587c90 at C:\re\jdk7u45\229\hotspot\src\share\vm\prims\jvm.cpp:1244
Event: 2.342 Thread 0x000000000c25a800 Threw 0x00000007d65cfd00 at C:\re\jdk7u45\229\hotspot\src\share\vm\prims\jvm.cpp:1244
Event: 2.409 Thread 0x000000000c25a800 Threw 0x00000007d65d8228 at C:\re\jdk7u45\229\hotspot\src\share\vm\prims\jvm.cpp:1244
Event: 2.409 Thread 0x000000000c25a800 Threw 0x00000007d65db160 at C:\re\jdk7u45\229\hotspot\src\share\vm\prims\jvm.cpp:1244
Event: 3.175 Thread 0x000000000c25a800 Threw 0x00000007d6611c58 at C:\re\jdk7u45\229\hotspot\src\share\vm\prims\jvm.cpp:1244
Event: 3.177 Thread 0x000000000c25a800 Threw 0x00000007d661feb8 at C:\re\jdk7u45\229\hotspot\src\share\vm\prims\jvm.cpp:1244
Event: 91.059 Thread 0x000000000c25a800 Threw 0x00000007d6628520 at C:\re\jdk7u45\229\hotspot\src\share\vm\prims\jvm.cpp:1244

Events (10 events):
Event: 107.348 Executing VM operation: ChangeSingleStep
Event: 107.348 Executing VM operation: ChangeSingleStep done
Event: 107.350 Executing VM operation: ChangeSingleStep
Event: 107.350 Executing VM operation: ChangeSingleStep done
Event: 107.350 Executing VM operation: GetCurrentLocation
Event: 107.350 Executing VM operation: GetCurrentLocation done
Event: 107.350 Executing VM operation: ChangeSingleStep
Event: 107.350 Executing VM operation: ChangeSingleStep done
Event: 107.350 Executing VM operation: ChangeSingleStep
Event: 107.350 Executing VM operation: ChangeSingleStep done


Dynamic libraries:
0x00007ff74eeb0000 - 0x00007ff74eee3000 	C:\Program Files\Java\jdk1.7.0_45\bin\java.exe
0x00007ff866370000 - 0x00007ff866531000 	C:\WINDOWS\SYSTEM32\ntdll.dll
0x00007ff864b80000 - 0x00007ff864c2d000 	C:\WINDOWS\system32\KERNEL32.DLL
0x00007ff862f30000 - 0x00007ff86310d000 	C:\WINDOWS\system32\KERNELBASE.dll
0x00007ff864670000 - 0x00007ff864716000 	C:\WINDOWS\system32\ADVAPI32.dll
0x00007ff864a80000 - 0x00007ff864b1d000 	C:\WINDOWS\system32\msvcrt.dll
0x00007ff864330000 - 0x00007ff86438b000 	C:\WINDOWS\system32\sechost.dll
0x00007ff864c90000 - 0x00007ff864db6000 	C:\WINDOWS\system32\RPCRT4.dll
0x00007ff864790000 - 0x00007ff8648de000 	C:\WINDOWS\system32\USER32.dll
0x00007ff864390000 - 0x00007ff864516000 	C:\WINDOWS\system32\GDI32.dll
0x00007ff85e000000 - 0x00007ff85e274000 	C:\WINDOWS\WinSxS\amd64_microsoft.windows.common-controls_6595b64144ccf1df_6.0.10240.16384_none_f41f7b285750ef43\COMCTL32.dll
0x00007ff864c30000 - 0x00007ff864c66000 	C:\WINDOWS\system32\IMM32.DLL
0x00007ff863d00000 - 0x00007ff863e5c000 	C:\WINDOWS\system32\MSCTF.dll
0x0000000067c30000 - 0x0000000067d02000 	C:\Program Files\Java\jdk1.7.0_45\jre\bin\msvcr100.dll
0x0000000068170000 - 0x0000000068939000 	C:\Program Files\Java\jdk1.7.0_45\jre\bin\server\jvm.dll
0x00007ff866360000 - 0x00007ff866368000 	C:\WINDOWS\system32\PSAPI.DLL
0x00007ff856160000 - 0x00007ff856169000 	C:\WINDOWS\SYSTEM32\WSOCK32.dll
0x00007ff8612c0000 - 0x00007ff8612e3000 	C:\WINDOWS\SYSTEM32\WINMM.dll
0x00007ff864dc0000 - 0x00007ff864e29000 	C:\WINDOWS\system32\WS2_32.dll
0x00007ff863e60000 - 0x00007ff863e68000 	C:\WINDOWS\system32\NSI.dll
0x00007ff861260000 - 0x00007ff86128c000 	C:\WINDOWS\SYSTEM32\WINMMBASE.dll
0x00007ff862ee0000 - 0x00007ff862f24000 	C:\WINDOWS\system32\cfgmgr32.dll
0x00007ff8616f0000 - 0x00007ff861717000 	C:\WINDOWS\SYSTEM32\DEVOBJ.dll
0x0000000068160000 - 0x000000006816f000 	C:\Program Files\Java\jdk1.7.0_45\jre\bin\verify.dll
0x0000000068130000 - 0x0000000068158000 	C:\Program Files\Java\jdk1.7.0_45\jre\bin\java.dll
0x0000000067da0000 - 0x0000000067dd5000 	C:\Program Files\Java\jdk1.7.0_45\jre\bin\jdwp.dll
0x0000000067d90000 - 0x0000000067d98000 	C:\Program Files\Java\jdk1.7.0_45\jre\bin\npt.dll
0x0000000067d60000 - 0x0000000067d83000 	C:\Program Files\Java\jdk1.7.0_45\jre\bin\instrument.dll
0x0000000068110000 - 0x0000000068125000 	C:\Program Files\Java\jdk1.7.0_45\jre\bin\zip.dll
0x0000000067d50000 - 0x0000000067d59000 	C:\Program Files\Java\jdk1.7.0_45\jre\bin\dt_socket.dll
0x00007ff8625f0000 - 0x00007ff86264d000 	C:\WINDOWS\system32\mswsock.dll
0x0000000065580000 - 0x0000000065616000 	C:\Users\Orion\AppData\Local\Temp\libgdxOrion\12247155\gdx64.dll
0x00007ff862650000 - 0x00007ff862667000 	C:\WINDOWS\SYSTEM32\CRYPTSP.dll
0x00007ff8628c0000 - 0x00007ff8628e8000 	C:\WINDOWS\SYSTEM32\bcrypt.dll
0x00007ff8622a0000 - 0x00007ff8622d3000 	C:\WINDOWS\system32\rsaenh.dll
0x00007ff862440000 - 0x00007ff86245f000 	C:\WINDOWS\SYSTEM32\USERENV.dll
0x00007ff862de0000 - 0x00007ff862df3000 	C:\WINDOWS\system32\profapi.dll
0x00007ff862bd0000 - 0x00007ff862c3b000 	C:\WINDOWS\system32\bcryptprimitives.dll
0x00007ff8627c0000 - 0x00007ff8627cb000 	C:\WINDOWS\SYSTEM32\CRYPTBASE.dll
0x00000000680f0000 - 0x0000000068109000 	C:\Program Files\Java\jdk1.7.0_45\jre\bin\net.dll
0x00007ff8605e0000 - 0x00007ff8605f8000 	C:\WINDOWS\system32\NLAapi.dll
0x00007ff84bf60000 - 0x00007ff84bf75000 	C:\WINDOWS\system32\napinsp.dll
0x00007ff84bf80000 - 0x00007ff84bf9a000 	C:\WINDOWS\system32\pnrpnsp.dll
0x00007ff862390000 - 0x00007ff862438000 	C:\WINDOWS\SYSTEM32\DNSAPI.dll
0x00007ff84bfa0000 - 0x00007ff84bfad000 	C:\WINDOWS\System32\winrnr.dll
0x00007ff857190000 - 0x00007ff85719a000 	C:\Windows\System32\rasadhlp.dll
0x00007ff85ef90000 - 0x00007ff85efc8000 	C:\WINDOWS\SYSTEM32\IPHLPAPI.DLL
0x00007ff85ee40000 - 0x00007ff85ee4b000 	C:\WINDOWS\SYSTEM32\WINNSI.DLL
0x00007ff85c930000 - 0x00007ff85c998000 	C:\WINDOWS\System32\fwpuclnt.dll
0x00000000680d0000 - 0x00000000680e1000 	C:\Program Files\Java\jdk1.7.0_45\jre\bin\nio.dll
0x0000000180000000 - 0x0000000180053000 	C:\Users\Orion\AppData\Local\Temp\libgdxOrion\dc0f0009\lwjgl64.dll
0x00007ff85f390000 - 0x00007ff85f39a000 	C:\WINDOWS\SYSTEM32\VERSION.dll
0x00007ff841380000 - 0x00007ff8414a8000 	C:\WINDOWS\SYSTEM32\OPENGL32.dll
0x00007ff84d940000 - 0x00007ff84d96e000 	C:\WINDOWS\SYSTEM32\GLU32.dll
0x00007ff841280000 - 0x00007ff841376000 	C:\WINDOWS\SYSTEM32\DDRAW.dll
0x00007ff855270000 - 0x00007ff855278000 	C:\WINDOWS\SYSTEM32\DCIMAN32.dll
0x000000000d370000 - 0x000000000d3d4000 	C:\Users\Orion\AppData\Local\Temp\libgdxOrion\dc0f0009\OpenAL64.dll
0x00007ff864e30000 - 0x00007ff866352000 	C:\WINDOWS\system32\SHELL32.dll
0x00007ff8633f0000 - 0x00007ff863a18000 	C:\WINDOWS\system32\windows.storage.dll
0x00007ff863a20000 - 0x00007ff863c9c000 	C:\WINDOWS\system32\combase.dll
0x00007ff864b20000 - 0x00007ff864b71000 	C:\WINDOWS\system32\shlwapi.dll
0x00007ff862dd0000 - 0x00007ff862ddf000 	C:\WINDOWS\system32\kernel.appcore.dll
0x00007ff862e20000 - 0x00007ff862ed3000 	C:\WINDOWS\system32\shcore.dll
0x00007ff862d80000 - 0x00007ff862dca000 	C:\WINDOWS\system32\powrprof.dll
0x00007ff864520000 - 0x00007ff864661000 	C:\WINDOWS\system32\ole32.dll
0x00007ff861650000 - 0x00007ff8616e6000 	C:\WINDOWS\system32\uxtheme.dll
0x00007ff864280000 - 0x00007ff864325000 	C:\WINDOWS\system32\clbcatq.dll
0x00007ff860b50000 - 0x00007ff860cd3000 	C:\WINDOWS\System32\PROPSYS.dll
0x00007ff8648e0000 - 0x00007ff86499e000 	C:\WINDOWS\system32\OLEAUT32.dll
0x00007ff84cc60000 - 0x00007ff84ccfc000 	C:\WINDOWS\SYSTEM32\dsound.dll
0x00007ff85cf30000 - 0x00007ff85cfa2000 	C:\WINDOWS\System32\MMDevApi.dll
0x00007ff85c8a0000 - 0x00007ff85c925000 	C:\WINDOWS\SYSTEM32\AUDIOSES.DLL
0x00007ff85d700000 - 0x00007ff85d831000 	C:\WINDOWS\SYSTEM32\wintypes.dll
0x00007ff860970000 - 0x00007ff860992000 	C:\WINDOWS\system32\dwmapi.dll
0x00000000666b0000 - 0x0000000067c2e000 	C:\WINDOWS\SYSTEM32\nvoglv64.DLL
0x00007ff863f00000 - 0x00007ff8640c5000 	C:\WINDOWS\system32\SETUPAPI.dll
0x00007ff860ce0000 - 0x00007ff860cf3000 	C:\WINDOWS\SYSTEM32\WTSAPI32.dll
0x00007ff862120000 - 0x00007ff862152000 	C:\WINDOWS\SYSTEM32\ntmarta.dll
0x00007ff861e40000 - 0x00007ff861e98000 	C:\WINDOWS\SYSTEM32\WINSTA.dll
0x00007ff85df20000 - 0x00007ff85dfb1000 	C:\WINDOWS\SYSTEM32\mscms.dll
0x00007ff84d8f0000 - 0x00007ff84d932000 	C:\WINDOWS\SYSTEM32\icm32.dll
0x0000000010e70000 - 0x0000000010f2b000 	C:\Users\Orion\AppData\Local\Temp\libgdxOrion\5da62973\gdx-box2d64.dll
0x00007ff84bab0000 - 0x00007ff84bc3a000 	C:\WINDOWS\SYSTEM32\dbghelp.dll

VM Arguments:
jvm_args: -agentlib:jdwp=transport=dt_socket,address=127.0.0.1:58923,suspend=y,server=n -javaagent:C:\Users\Orion\.AndroidStudio1.4\system\groovyHotSwap\gragent.jar -Dfile.encoding=UTF-8 
java_command: verberg.com.shmup.desktop.DesktopLauncher
Launcher Type: SUN_STANDARD

Environment Variables:
PATH=C:\Program Files (x86)\Google\Chrome\Application;C:\Program Files\Common Files\Microsoft Shared\Windows Live;C:\Program Files (x86)\Common Files\Microsoft Shared\Windows Live;C:\Program Files\Java\jdk1.7.0_07\bin;C:\Program Files (x86)\AMD APP\bin\x86_64;C:\Program Files (x86)\AMD APP\bin\x86;C:\WINDOWS\system32;C:\WINDOWS;C:\WINDOWS\System32\Wbem;C:\WINDOWS\System32\WindowsPowerShell\v1.0\;C:\Program Files (x86)\ATI Technologies\ATI.ACE\Core-Static;C:\Program Files\Microsoft SQL Server\100\DTS\Binn\;C:\Program Files (x86)\Windows Live\Shared;C:\Program Files (x86)\Git\cmd;C:\Program Files\Perforce;C:\Program Files\Microsoft SQL Server\110\Tools\Binn\;C:\Program Files (x86)\nodejs\;C:\Program Files (x86)\NVIDIA Corporation\PhysX\Common;C:\Program Files (x86)\GtkSharp\2.12\bin;C:\Cocos\frameworks\cocos2d-x-3.8\tools\cocos2d-console\bin;C:\Program Files\Common Files\Microsoft Shared\Windows Live;C:\Program Files (x86)\Common Files\Microsoft Shared\Windows Live;C:\Program Files\Java\jdk1.7.0_07\bin;C:\Program Files (x86)\AMD APP\bin\x86_64;C:\Program Files (x86)\AMD APP\bin\x86;C:\Windows\system32;C:\Windows;C:\Windows\System32\Wbem;C:\Windows\System32\WindowsPowerShell\v1.0\;C:\Program Files (x86)\ATI Technologies\ATI.ACE\Core-Static;C:\Program Files\Microsoft SQL Server\100\DTS\Binn\;C:\Program Files (x86)\Windows Live\Shared;C:\Program Files (x86)\Git\cmd;C:\Program Files\Perforce;C:\Program Files\Microsoft SQL Server\110\Tools\Binn\;D:\Android\sdk\platform-tools;C:\Program Files\Java\jdk1.7.0_45\bin;C:\Users\Orion\AppData\Roaming\npm;C:\Cocos\tools\Python27
USERNAME=Orion
OS=Windows_NT
PROCESSOR_IDENTIFIER=AMD64 Family 16 Model 4 Stepping 3, AuthenticAMD



---------------  S Y S T E M  ---------------

OS: Windows 8 , 64 bit Build 9200 

CPU:total 4 (4 cores per cpu, 1 threads per core) family 16 model 4 stepping 3, cmov, cx8, fxsr, mmx, sse, sse2, sse3, popcnt, mmxext, 3dnowpref, lzcnt, sse4a, tsc, tscinvbit, tscinv

Memory: 4k page, physical 8387812k(4480136k free), swap 16776420k(10643568k free)

vm_info: Java HotSpot(TM) 64-Bit Server VM (24.45-b08) for windows-amd64 JRE (1.7.0_45-b18), built on Oct  8 2013 05:47:22 by "java_re" with unknown MS VC++:1600

time: Sat Nov 28 16:36:28 2015
elapsed time: 107 seconds

