#
# A fatal error has been detected by the Java Runtime Environment:
#
#  EXCEPTION_ACCESS_VIOLATION (0xc0000005) at pc=0x0000000000000000, pid=5292, tid=1136
#
# JRE version: Java(TM) SE Runtime Environment (7.0_45-b18) (build 1.7.0_45-b18)
# Java VM: Java HotSpot(TM) 64-Bit Server VM (24.45-b08 mixed mode windows-amd64 compressed oops)
# Problematic frame:
# C  0x0000000000000000
#
# Failed to write core dump. Minidumps are not enabled by default on client versions of Windows
#
# If you would like to submit a bug report, please visit:
#   http://bugreport.sun.com/bugreport/crash.jsp
# The crash happened outside the Java Virtual Machine in native code.
# See problematic frame for where to report the bug.
#

---------------  T H R E A D  ---------------

Current thread (0x000000000d390800):  JavaThread "LWJGL Application" [_thread_in_native, id=1136, stack(0x000000000e740000,0x000000000e840000)]

siginfo: ExceptionCode=0xc0000005, ExceptionInformation=0x0000000000000008 0x0000000000000000

Registers:
RAX=0x000000000e238b10, RBX=0x000000000e238c50, RCX=0x000000000e238c50, RDX=0x000000000e20b7a0
RSP=0x000000000e83e828, RBP=0x000000000e2291f0, RSI=0x000000000e20b7a0, RDI=0x000000000e20b7a0
R8 =0x000000000e20b7a0, R9 =0x000000000e238c50, R10=0x000000000300937d, R11=0x000000006834f900
R12=0x0000000000000000, R13=0x000000077b4242d8, R14=0x000000000e83ea10, R15=0x000000000d390800
RIP=0x0000000000000000, EFLAGS=0x0000000000010206

Top of Stack: (sp=0x000000000e83e828)
0x000000000e83e828:   0000000011b343f2 000000000b33dd58
0x000000000e83e838:   0000000068245e01 000000000d390800
0x000000000e83e848:   000000000000000f 000000000b33dd60
0x000000000e83e858:   000000000e238c50 000000000e229070
0x000000000e83e868:   0000000011b42743 0000329876daa1c7
0x000000000e83e878:   00000000681ef7bf 000000077b424218
0x000000000e83e888:   000000006827c63f 000000000e20b7a0
0x000000000e83e898:   000000000e238c50 000000077b4e61d8
0x000000000e83e8a8:   000000000e83e9d0 0000000000000000
0x000000000e83e8b8:   0000000011b4903d 0000000000000029
0x000000000e83e8c8:   000000000000000e 000000000e830000
0x000000000e83e8d8:   0000000003019ba3 0000000011b7c830
0x000000000e83e8e8:   000000000d3909e8 000000000e83ea10
0x000000000e83e8f8:   000000000e83ea68 0000000011b7c8b0
0x000000000e83e908:   000000000d3909e8 000000000e83ea10
0x000000000e83e918:   000000000e83e918 000000077b232670 

Instructions: (pc=0x0000000000000000)
0xffffffffffffffe0:   


Register to memory mapping:

RAX=0x000000000e238b10 is an unknown value
RBX=0x000000000e238c50 is an unknown value
RCX=0x000000000e238c50 is an unknown value
RDX=0x000000000e20b7a0 is an unknown value
RSP=0x000000000e83e828 is pointing into the stack for thread: 0x000000000d390800
RBP=0x000000000e2291f0 is an unknown value
RSI=0x000000000e20b7a0 is an unknown value
RDI=0x000000000e20b7a0 is an unknown value
R8 =0x000000000e20b7a0 is an unknown value
R9 =0x000000000e238c50 is an unknown value
R10=0x000000000300937d is at code_begin+1277 in an Interpreter codelet
method entry point (kind = native)  [0x0000000003008e80, 0x0000000003009d40]  3776 bytes
R11=0x000000006834f900 is an unknown value
R12=0x0000000000000000 is an unknown value
R13=0x000000077b4242d8 is an oop
{method} 
 - klass: {other class}
R14=0x000000000e83ea10 is pointing into the stack for thread: 0x000000000d390800
R15=0x000000000d390800 is a thread


Stack: [0x000000000e740000,0x000000000e840000],  sp=0x000000000e83e828,  free space=1018k
Java frames: (J=compiled Java code, j=interpreted, Vv=VM code)
j  com.badlogic.gdx.physics.box2d.World.jniDestroyJoint(JJ)V+0
j  com.badlogic.gdx.physics.box2d.World.destroyJoint(Lcom/badlogic/gdx/physics/box2d/Joint;)V+64
j  ecs.components.JointComponent.dispose()V+14
j  ecs.Entity.removeAllComponents()V+41
j  verberg.com.shmup.Game.removeEntityTree(Lecs/Entity;)V+54
j  verberg.com.shmup.Game.removeEntityTree(Lecs/Entity;)V+47
j  Factories.CarFactory.applyLifeTimeWarranty(Lecs/Entity;Lcom/badlogic/gdx/math/Rectangle;)V+29
j  ecs.subsystems.SpawnSystem.update(Lecs/Entity;)V+86
j  verberg.com.shmup.SpawnMessage.submitMessage()V+14
J  verberg.com.shmup.MessageManager.update()V
j  verberg.com.shmup.Game.update()V+28
j  verberg.com.shmup.Game.render()V+1
j  com.badlogic.gdx.backends.lwjgl.LwjglApplication.mainLoop()V+684
j  com.badlogic.gdx.backends.lwjgl.LwjglApplication$1.run()V+27
v  ~StubRoutines::call_stub

---------------  P R O C E S S  ---------------

Java Threads: ( => current thread )
  0x000000000d43b000 JavaThread "LWJGL Timer" daemon [_thread_blocked, id=9628, stack(0x0000000012bb0000,0x0000000012cb0000)]
  0x0000000002ef4800 JavaThread "DestroyJavaVM" [_thread_blocked, id=800, stack(0x0000000002bf0000,0x0000000002cf0000)]
=>0x000000000d390800 JavaThread "LWJGL Application" [_thread_in_native, id=1136, stack(0x000000000e740000,0x000000000e840000)]
  0x000000000cbfe800 JavaThread "Service Thread" daemon [_thread_blocked, id=6196, stack(0x000000000d190000,0x000000000d290000)]
  0x000000000cbfb800 JavaThread "C2 CompilerThread1" daemon [_thread_blocked, id=2308, stack(0x000000000d090000,0x000000000d190000)]
  0x000000000cbe6000 JavaThread "C2 CompilerThread0" daemon [_thread_blocked, id=6500, stack(0x000000000cf90000,0x000000000d090000)]
  0x000000000b33d000 JavaThread "JDWP Command Reader" daemon [_thread_in_native, id=32, stack(0x000000000ca90000,0x000000000cb90000)]
  0x000000000b330000 JavaThread "JDWP Event Helper Thread" daemon [_thread_blocked, id=1328, stack(0x000000000c990000,0x000000000ca90000)]
  0x000000000b32c000 JavaThread "JDWP Transport Listener: dt_socket" daemon [_thread_blocked, id=540, stack(0x000000000c890000,0x000000000c990000)]
  0x000000000b318800 JavaThread "Attach Listener" daemon [_thread_blocked, id=8900, stack(0x000000000c790000,0x000000000c890000)]
  0x000000000b315000 JavaThread "Signal Dispatcher" daemon [_thread_blocked, id=7404, stack(0x000000000c690000,0x000000000c790000)]
  0x000000000b2e3000 JavaThread "Finalizer" daemon [_thread_blocked, id=2636, stack(0x000000000c590000,0x000000000c690000)]
  0x000000000b2d8000 JavaThread "Reference Handler" daemon [_thread_blocked, id=6192, stack(0x000000000c490000,0x000000000c590000)]

Other Threads:
  0x000000000b2d5000 VMThread [stack: 0x000000000c390000,0x000000000c490000] [id=7068]
  0x000000000cc4c000 WatcherThread [stack: 0x000000000d290000,0x000000000d390000] [id=1436]

VM state:not at safepoint (normal execution)

VM Mutex/Monitor currently owned by a thread: None

Heap
 PSYoungGen      total 38912K, used 25316K [0x00000007d5500000, 0x00000007d8000000, 0x0000000800000000)
  eden space 33792K, 74% used [0x00000007d5500000,0x00000007d6db9310,0x00000007d7600000)
  from space 5120K, 0% used [0x00000007d7b00000,0x00000007d7b00000,0x00000007d8000000)
  to   space 5120K, 0% used [0x00000007d7600000,0x00000007d7600000,0x00000007d7b00000)
 ParOldGen       total 87040K, used 0K [0x0000000780000000, 0x0000000785500000, 0x00000007d5500000)
  object space 87040K, 0% used [0x0000000780000000,0x0000000780000000,0x0000000785500000)
 PSPermGen       total 21504K, used 7206K [0x000000077ae00000, 0x000000077c300000, 0x0000000780000000)
  object space 21504K, 33% used [0x000000077ae00000,0x000000077b509b68,0x000000077c300000)

Card table byte_map: [0x0000000005ff0000,0x0000000006420000] byte_map_base: 0x0000000002419000

Polling page: 0x0000000002a20000

Code Cache  [0x0000000002ff0000, 0x0000000003260000, 0x0000000005ff0000)
 total_blobs=645 nmethods=226 adapters=380 free_code_cache=48032Kb largest_free_block=49160832

Compilation events (10 events):
Event: 25.902 Thread 0x000000000cbe6000 nmethod 221 0x00000000030ff9d0 code [0x00000000030ffb40, 0x00000000030ffc98]
Event: 25.902 Thread 0x000000000cbe6000  222             com.badlogic.gdx.backends.lwjgl.LwjglGL20::glDisableVertexAttribArray (5 bytes)
Event: 25.904 Thread 0x000000000cbe6000 nmethod 222 0x00000000030ff550 code [0x00000000030ff6a0, 0x00000000030ff7e8]
Event: 25.904 Thread 0x000000000cbe6000  223             org.lwjgl.opengl.GL20::glDisableVertexAttribArray (19 bytes)
Event: 25.904 Thread 0x000000000cbfb800 nmethod 220 0x00000000030fcf90 code [0x00000000030fd120, 0x00000000030fd4f0]
Event: 25.905 Thread 0x000000000cbe6000 nmethod 223 0x00000000030ff150 code [0x00000000030ff2a0, 0x00000000030ff3a8]
Event: 25.911 Thread 0x000000000cbfb800  225             com.badlogic.gdx.graphics.Color::toFloatBits (50 bytes)
Event: 25.911 Thread 0x000000000cbfb800 nmethod 225 0x00000000030f0290 code [0x00000000030f0400, 0x00000000030f0518]
Event: 26.827 Thread 0x000000000cbe6000  226             java.nio.Buffer::capacity (5 bytes)
Event: 26.827 Thread 0x000000000cbe6000 nmethod 226 0x00000000030fda50 code [0x00000000030fdb80, 0x00000000030fdbd8]

GC Heap History (0 events):
No events

Deoptimization events (3 events):
Event: 16.794 Thread 0x000000000d390800 Uncommon trap: reason=unloaded action=reinterpret pc=0x00000000030e5408 method=AI.AI.generateIntents(Lecs/Entity;)V @ 104
Event: 16.796 Thread 0x000000000d390800 Uncommon trap: reason=unreached action=reinterpret pc=0x00000000030c4718 method=verberg.com.shmup.MessageManager.update()V @ 36
Event: 16.796 Thread 0x000000000d390800 Uncommon trap: reason=unreached action=reinterpret pc=0x00000000030d893c method=ecs.subsystems.SteeringSystem.update(Lecs/Entity;Lverberg/com/shmup/INTENT;)V @ 7

Internal exceptions (10 events):
Event: 1.021 Thread 0x000000000d390800 Threw 0x00000007d660f858 at C:\re\jdk7u45\229\hotspot\src\share\vm\prims\jvm.cpp:1244
Event: 1.024 Thread 0x000000000d390800 Threw 0x00000007d66182f8 at C:\re\jdk7u45\229\hotspot\src\share\vm\prims\jvm.cpp:1244
Event: 1.025 Thread 0x000000000d390800 Threw 0x00000007d661e568 at C:\re\jdk7u45\229\hotspot\src\share\vm\prims\jvm.cpp:1244
Event: 1.026 Thread 0x000000000d390800 Threw 0x00000007d6624728 at C:\re\jdk7u45\229\hotspot\src\share\vm\prims\jvm.cpp:1244
Event: 1.276 Thread 0x000000000d390800 Threw 0x00000007d6630598 at C:\re\jdk7u45\229\hotspot\src\share\vm\prims\jvm.cpp:1244
Event: 1.527 Thread 0x000000000d390800 Threw 0x00000007d66472a8 at C:\re\jdk7u45\229\hotspot\src\share\vm\prims\jvm.cpp:1244
Event: 1.527 Thread 0x000000000d390800 Threw 0x00000007d664a4c0 at C:\re\jdk7u45\229\hotspot\src\share\vm\prims\jvm.cpp:1244
Event: 1.529 Thread 0x000000000d390800 Threw 0x00000007d664eb20 at C:\re\jdk7u45\229\hotspot\src\share\vm\prims\jvm.cpp:1244
Event: 2.794 Thread 0x000000000d390800 Threw 0x00000007d668e310 at C:\re\jdk7u45\229\hotspot\src\share\vm\prims\jvm.cpp:1244
Event: 2.795 Thread 0x000000000d390800 Threw 0x00000007d669c850 at C:\re\jdk7u45\229\hotspot\src\share\vm\prims\jvm.cpp:1244

Events (10 events):
Event: 16.794 Thread 0x000000000d390800 DEOPT PACKING pc=0x00000000030e5408 sp=0x000000000e83eda0
Event: 16.794 Thread 0x000000000d390800 DEOPT UNPACKING pc=0x0000000003029064 sp=0x000000000e83ed80 mode 2
Event: 16.794 loading class 0x0000000002f69b20
Event: 16.794 loading class 0x0000000002f69b20 done
Event: 16.796 Thread 0x000000000d390800 Uncommon trap: trap_request=0xffffffad fr.pc=0x00000000030c4718
Event: 16.796 Thread 0x000000000d390800 DEOPT PACKING pc=0x00000000030c4718 sp=0x000000000e83ee60
Event: 16.796 Thread 0x000000000d390800 DEOPT UNPACKING pc=0x0000000003029064 sp=0x000000000e83ee08 mode 2
Event: 16.796 Thread 0x000000000d390800 Uncommon trap: trap_request=0xffffffad fr.pc=0x00000000030d893c
Event: 16.796 Thread 0x000000000d390800 DEOPT PACKING pc=0x00000000030d893c sp=0x000000000e83ed90
Event: 16.796 Thread 0x000000000d390800 DEOPT UNPACKING pc=0x0000000003029064 sp=0x000000000e83ed48 mode 2


Dynamic libraries:
0x00007ff74eeb0000 - 0x00007ff74eee3000 	C:\Program Files\Java\jdk1.7.0_45\bin\java.exe
0x00007ff866370000 - 0x00007ff866531000 	C:\WINDOWS\SYSTEM32\ntdll.dll
0x00007ff864b80000 - 0x00007ff864c2d000 	C:\WINDOWS\system32\KERNEL32.DLL
0x00007ff862f30000 - 0x00007ff86310d000 	C:\WINDOWS\system32\KERNELBASE.dll
0x00007ff864670000 - 0x00007ff864716000 	C:\WINDOWS\system32\ADVAPI32.dll
0x00007ff864a80000 - 0x00007ff864b1d000 	C:\WINDOWS\system32\msvcrt.dll
0x00007ff864330000 - 0x00007ff86438b000 	C:\WINDOWS\system32\sechost.dll
0x00007ff864c90000 - 0x00007ff864db6000 	C:\WINDOWS\system32\RPCRT4.dll
0x00007ff864790000 - 0x00007ff8648de000 	C:\WINDOWS\system32\USER32.dll
0x00007ff864390000 - 0x00007ff864516000 	C:\WINDOWS\system32\GDI32.dll
0x00007ff85e000000 - 0x00007ff85e274000 	C:\WINDOWS\WinSxS\amd64_microsoft.windows.common-controls_6595b64144ccf1df_6.0.10240.16384_none_f41f7b285750ef43\COMCTL32.dll
0x00007ff864c30000 - 0x00007ff864c66000 	C:\WINDOWS\system32\IMM32.DLL
0x00007ff863d00000 - 0x00007ff863e5c000 	C:\WINDOWS\system32\MSCTF.dll
0x0000000067c30000 - 0x0000000067d02000 	C:\Program Files\Java\jdk1.7.0_45\jre\bin\msvcr100.dll
0x0000000068170000 - 0x0000000068939000 	C:\Program Files\Java\jdk1.7.0_45\jre\bin\server\jvm.dll
0x00007ff866360000 - 0x00007ff866368000 	C:\WINDOWS\system32\PSAPI.DLL
0x00007ff856160000 - 0x00007ff856169000 	C:\WINDOWS\SYSTEM32\WSOCK32.dll
0x00007ff864dc0000 - 0x00007ff864e29000 	C:\WINDOWS\system32\WS2_32.dll
0x00007ff863e60000 - 0x00007ff863e68000 	C:\WINDOWS\system32\NSI.dll
0x00007ff8612c0000 - 0x00007ff8612e3000 	C:\WINDOWS\SYSTEM32\WINMM.dll
0x00007ff861260000 - 0x00007ff86128c000 	C:\WINDOWS\SYSTEM32\WINMMBASE.dll
0x00007ff862ee0000 - 0x00007ff862f24000 	C:\WINDOWS\system32\cfgmgr32.dll
0x00007ff8616f0000 - 0x00007ff861717000 	C:\WINDOWS\SYSTEM32\DEVOBJ.dll
0x0000000068160000 - 0x000000006816f000 	C:\Program Files\Java\jdk1.7.0_45\jre\bin\verify.dll
0x0000000068130000 - 0x0000000068158000 	C:\Program Files\Java\jdk1.7.0_45\jre\bin\java.dll
0x0000000067da0000 - 0x0000000067dd5000 	C:\Program Files\Java\jdk1.7.0_45\jre\bin\jdwp.dll
0x0000000067d90000 - 0x0000000067d98000 	C:\Program Files\Java\jdk1.7.0_45\jre\bin\npt.dll
0x0000000067d60000 - 0x0000000067d83000 	C:\Program Files\Java\jdk1.7.0_45\jre\bin\instrument.dll
0x0000000068110000 - 0x0000000068125000 	C:\Program Files\Java\jdk1.7.0_45\jre\bin\zip.dll
0x0000000067d50000 - 0x0000000067d59000 	C:\Program Files\Java\jdk1.7.0_45\jre\bin\dt_socket.dll
0x00007ff8625f0000 - 0x00007ff86264d000 	C:\WINDOWS\system32\mswsock.dll
0x0000000065580000 - 0x0000000065616000 	C:\Users\Orion\AppData\Local\Temp\libgdxOrion\12247155\gdx64.dll
0x00007ff862650000 - 0x00007ff862667000 	C:\WINDOWS\SYSTEM32\CRYPTSP.dll
0x00007ff8628c0000 - 0x00007ff8628e8000 	C:\WINDOWS\SYSTEM32\bcrypt.dll
0x00007ff8622a0000 - 0x00007ff8622d3000 	C:\WINDOWS\system32\rsaenh.dll
0x00007ff862440000 - 0x00007ff86245f000 	C:\WINDOWS\SYSTEM32\USERENV.dll
0x00007ff862de0000 - 0x00007ff862df3000 	C:\WINDOWS\system32\profapi.dll
0x00007ff862bd0000 - 0x00007ff862c3b000 	C:\WINDOWS\system32\bcryptprimitives.dll
0x00007ff8627c0000 - 0x00007ff8627cb000 	C:\WINDOWS\SYSTEM32\CRYPTBASE.dll
0x00000000680f0000 - 0x0000000068109000 	C:\Program Files\Java\jdk1.7.0_45\jre\bin\net.dll
0x00007ff8605e0000 - 0x00007ff8605f8000 	C:\WINDOWS\system32\NLAapi.dll
0x00007ff84bf60000 - 0x00007ff84bf75000 	C:\WINDOWS\system32\napinsp.dll
0x00007ff84bf80000 - 0x00007ff84bf9a000 	C:\WINDOWS\system32\pnrpnsp.dll
0x00007ff862390000 - 0x00007ff862438000 	C:\WINDOWS\SYSTEM32\DNSAPI.dll
0x00007ff84bfa0000 - 0x00007ff84bfad000 	C:\WINDOWS\System32\winrnr.dll
0x00007ff857190000 - 0x00007ff85719a000 	C:\Windows\System32\rasadhlp.dll
0x00007ff85ef90000 - 0x00007ff85efc8000 	C:\WINDOWS\SYSTEM32\IPHLPAPI.DLL
0x00007ff85ee40000 - 0x00007ff85ee4b000 	C:\WINDOWS\SYSTEM32\WINNSI.DLL
0x00007ff85c930000 - 0x00007ff85c998000 	C:\WINDOWS\System32\fwpuclnt.dll
0x00000000680d0000 - 0x00000000680e1000 	C:\Program Files\Java\jdk1.7.0_45\jre\bin\nio.dll
0x0000000180000000 - 0x0000000180053000 	C:\Users\Orion\AppData\Local\Temp\libgdxOrion\dc0f0009\lwjgl64.dll
0x00007ff84a030000 - 0x00007ff84a158000 	C:\WINDOWS\SYSTEM32\OPENGL32.dll
0x00007ff85f390000 - 0x00007ff85f39a000 	C:\WINDOWS\SYSTEM32\VERSION.dll
0x00007ff84de70000 - 0x00007ff84de9e000 	C:\WINDOWS\SYSTEM32\GLU32.dll
0x00007ff843370000 - 0x00007ff843466000 	C:\WINDOWS\SYSTEM32\DDRAW.dll
0x00007ff860e70000 - 0x00007ff860e78000 	C:\WINDOWS\SYSTEM32\DCIMAN32.dll
0x000000000dfd0000 - 0x000000000e034000 	C:\Users\Orion\AppData\Local\Temp\libgdxOrion\dc0f0009\OpenAL64.dll
0x00007ff864e30000 - 0x00007ff866352000 	C:\WINDOWS\system32\SHELL32.dll
0x00007ff8633f0000 - 0x00007ff863a18000 	C:\WINDOWS\system32\windows.storage.dll
0x00007ff863a20000 - 0x00007ff863c9c000 	C:\WINDOWS\system32\combase.dll
0x00007ff864b20000 - 0x00007ff864b71000 	C:\WINDOWS\system32\shlwapi.dll
0x00007ff862dd0000 - 0x00007ff862ddf000 	C:\WINDOWS\system32\kernel.appcore.dll
0x00007ff862e20000 - 0x00007ff862ed3000 	C:\WINDOWS\system32\shcore.dll
0x00007ff862d80000 - 0x00007ff862dca000 	C:\WINDOWS\system32\powrprof.dll
0x00007ff864520000 - 0x00007ff864661000 	C:\WINDOWS\system32\ole32.dll
0x00007ff861650000 - 0x00007ff8616e6000 	C:\WINDOWS\system32\uxtheme.dll
0x00007ff864280000 - 0x00007ff864325000 	C:\WINDOWS\system32\clbcatq.dll
0x00007ff860b50000 - 0x00007ff860cd3000 	C:\WINDOWS\System32\PROPSYS.dll
0x00007ff8648e0000 - 0x00007ff86499e000 	C:\WINDOWS\system32\OLEAUT32.dll
0x00007ff84cc60000 - 0x00007ff84ccfc000 	C:\WINDOWS\SYSTEM32\dsound.dll
0x00007ff85cf30000 - 0x00007ff85cfa2000 	C:\WINDOWS\System32\MMDevApi.dll
0x00007ff85c8a0000 - 0x00007ff85c925000 	C:\WINDOWS\SYSTEM32\AUDIOSES.DLL
0x00007ff85d700000 - 0x00007ff85d831000 	C:\WINDOWS\SYSTEM32\wintypes.dll
0x00007ff860970000 - 0x00007ff860992000 	C:\WINDOWS\system32\dwmapi.dll
0x00000000666b0000 - 0x0000000067c2e000 	C:\WINDOWS\SYSTEM32\nvoglv64.DLL
0x00007ff863f00000 - 0x00007ff8640c5000 	C:\WINDOWS\system32\SETUPAPI.dll
0x00007ff860ce0000 - 0x00007ff860cf3000 	C:\WINDOWS\SYSTEM32\WTSAPI32.dll
0x00007ff862120000 - 0x00007ff862152000 	C:\WINDOWS\SYSTEM32\ntmarta.dll
0x00007ff861e40000 - 0x00007ff861e98000 	C:\WINDOWS\SYSTEM32\WINSTA.dll
0x00007ff85df20000 - 0x00007ff85dfb1000 	C:\WINDOWS\SYSTEM32\mscms.dll
0x00007ff84da20000 - 0x00007ff84da62000 	C:\WINDOWS\SYSTEM32\icm32.dll
0x0000000011b20000 - 0x0000000011bdb000 	C:\Users\Orion\AppData\Local\Temp\libgdxOrion\5da62973\gdx-box2d64.dll
0x00007ff84bab0000 - 0x00007ff84bc3a000 	C:\WINDOWS\SYSTEM32\dbghelp.dll

VM Arguments:
jvm_args: -agentlib:jdwp=transport=dt_socket,address=127.0.0.1:52383,suspend=y,server=n -javaagent:C:\Users\Orion\.AndroidStudio1.4\system\groovyHotSwap\gragent.jar -Dfile.encoding=UTF-8 
java_command: verberg.com.shmup.desktop.DesktopLauncher
Launcher Type: SUN_STANDARD

Environment Variables:
PATH=C:\Program Files (x86)\Google\Chrome\Application;C:\Program Files\Common Files\Microsoft Shared\Windows Live;C:\Program Files (x86)\Common Files\Microsoft Shared\Windows Live;C:\Program Files\Java\jdk1.7.0_07\bin;C:\Program Files (x86)\AMD APP\bin\x86_64;C:\Program Files (x86)\AMD APP\bin\x86;C:\WINDOWS\system32;C:\WINDOWS;C:\WINDOWS\System32\Wbem;C:\WINDOWS\System32\WindowsPowerShell\v1.0\;C:\Program Files (x86)\ATI Technologies\ATI.ACE\Core-Static;C:\Program Files\Microsoft SQL Server\100\DTS\Binn\;C:\Program Files (x86)\Windows Live\Shared;C:\Program Files (x86)\Git\cmd;C:\Program Files\Perforce;C:\Program Files\Microsoft SQL Server\110\Tools\Binn\;C:\Program Files (x86)\nodejs\;C:\Program Files (x86)\NVIDIA Corporation\PhysX\Common;C:\Program Files (x86)\GtkSharp\2.12\bin;C:\Cocos\frameworks\cocos2d-x-3.8\tools\cocos2d-console\bin;C:\Program Files\Common Files\Microsoft Shared\Windows Live;C:\Program Files (x86)\Common Files\Microsoft Shared\Windows Live;C:\Program Files\Java\jdk1.7.0_07\bin;C:\Program Files (x86)\AMD APP\bin\x86_64;C:\Program Files (x86)\AMD APP\bin\x86;C:\Windows\system32;C:\Windows;C:\Windows\System32\Wbem;C:\Windows\System32\WindowsPowerShell\v1.0\;C:\Program Files (x86)\ATI Technologies\ATI.ACE\Core-Static;C:\Program Files\Microsoft SQL Server\100\DTS\Binn\;C:\Program Files (x86)\Windows Live\Shared;C:\Program Files (x86)\Git\cmd;C:\Program Files\Perforce;C:\Program Files\Microsoft SQL Server\110\Tools\Binn\;D:\Android\sdk\platform-tools;C:\Program Files\Java\jdk1.7.0_45\bin;C:\Users\Orion\AppData\Roaming\npm;C:\Cocos\tools\Python27
USERNAME=Orion
OS=Windows_NT
PROCESSOR_IDENTIFIER=AMD64 Family 16 Model 4 Stepping 3, AuthenticAMD



---------------  S Y S T E M  ---------------

OS: Windows 8 , 64 bit Build 9200 

CPU:total 4 (4 cores per cpu, 1 threads per core) family 16 model 4 stepping 3, cmov, cx8, fxsr, mmx, sse, sse2, sse3, popcnt, mmxext, 3dnowpref, lzcnt, sse4a, tsc, tscinvbit, tscinv

Memory: 4k page, physical 8387812k(4227128k free), swap 16776420k(10516364k free)

vm_info: Java HotSpot(TM) 64-Bit Server VM (24.45-b08) for windows-amd64 JRE (1.7.0_45-b18), built on Oct  8 2013 05:47:22 by "java_re" with unknown MS VC++:1600

time: Sun Nov 29 20:48:08 2015
elapsed time: 28 seconds

